#
# There is insufficient memory for the Java Runtime Environment to continue.
# Native memory allocation (mmap) failed to map 70254592 bytes for Failed to commit area from 0x0000000097600000 to 0x000000009b900000 of length 70254592.
# Possible reasons:
#   The system is out of physical RAM or swap space
#   The process is running with CompressedOops enabled, and the Java Heap may be blocking the growth of the native heap
# Possible solutions:
#   Reduce memory load on the system
#   Increase physical memory or swap space
#   Check if swap backing store is full
#   Decrease Java heap size (-Xmx/-Xms)
#   Decrease number of Java threads
#   Decrease Java thread stack sizes (-Xss)
#   Set larger code cache with -XX:ReservedCodeCacheSize=
#   JVM is running with Unscaled Compressed Oops mode in which the Java heap is
#     placed in the first 4GB address space. The Java Heap base address is the
#     maximum limit for the native heap growth. Please use -XX:HeapBaseMinAddress
#     to set the Java Heap base and to place the Java Heap above 4GB virtual address.
# This output file may be truncated or incomplete.
#
#  Out of Memory Error (./src/hotspot/os/windows/os_windows.cpp:3619), pid=7516, tid=15928
#
# JRE version: OpenJDK Runtime Environment (11.0.13) (build 11.0.13+0-b1751.21-8125866)
# Java VM: OpenJDK 64-Bit Server VM (11.0.13+0-b1751.21-8125866, mixed mode, tiered, compressed oops, g1 gc, windows-amd64)
# No core dump will be written. Minidumps are not enabled by default on client versions of Windows
#

---------------  S U M M A R Y ------------

Command Line: --add-opens=java.base/java.util=ALL-UNNAMED --add-opens=java.base/java.lang=ALL-UNNAMED --add-opens=java.base/java.lang.invoke=ALL-UNNAMED --add-opens=java.base/java.util=ALL-UNNAMED --add-opens=java.prefs/java.util.prefs=ALL-UNNAMED --add-opens=java.prefs/java.util.prefs=ALL-UNNAMED --add-opens=java.base/java.nio.charset=ALL-UNNAMED --add-opens=java.base/java.net=ALL-UNNAMED --add-opens=java.base/java.util.concurrent.atomic=ALL-UNNAMED -Xmx2048m -Dfile.encoding=UTF-8 -Duser.country=ID -Duser.language=en -Duser.variant org.gradle.launcher.daemon.bootstrap.GradleDaemon 7.4

Host: AMD 3020e with Radeon Graphics                 , 2 cores, 3G,  Windows 10 , 64 bit Build 19041 (10.0.19041.2913)
Time: Tue Jun 13 17:44:47 2023 SE Asia Standard Time elapsed time: 4884.271329 seconds (0d 1h 21m 24s)

---------------  T H R E A D  ---------------

Current thread (0x000002207db18800):  VMThread "VM Thread" [stack: 0x0000009254100000,0x0000009254200000] [id=15928]

Stack: [0x0000009254100000,0x0000009254200000]
[error occurred during error reporting (printing stack bounds), id 0xc0000005, EXCEPTION_ACCESS_VIOLATION (0xc0000005) at pc=0x000002200000112d]

Native frames: (J=compiled Java code, j=interpreted, Vv=VM code, C=native code)
V  [jvm.dll+0x6100fa]
V  [jvm.dll+0x747090]
V  [jvm.dll+0x7486ad]
V  [jvm.dll+0x748ce5]
V  [jvm.dll+0x748c9b]
V  [jvm.dll+0x60f224]
V  [jvm.dll+0x60f9b8]
C  [ntdll.dll+0xa23df]
C  [ntdll.dll+0x514a4]
C  [ntdll.dll+0xa0f0e]
C  0x000002200000112d

VM_Operation (0x00000092585fcb50): G1CollectForAllocation, mode: safepoint, requested by thread 0x0000022011071800


---------------  P R O C E S S  ---------------

Threads class SMR info:
_java_thread_list=0x0000022015952be0, length=71, elements={
0x0000022070caf800, 0x000002207db1e800, 0x000002207db20000, 0x000002207db7b800,
0x000002207db7d000, 0x000002207db7f800, 0x000002207db83000, 0x000002207db88800,
0x000002207db93000, 0x000002207dde9000, 0x000002207ebde000, 0x000002207eeeb800,
0x000002207e024800, 0x000002200f66a000, 0x000002200f563000, 0x000002207df63800,
0x000002207df5e800, 0x000002207df61000, 0x000002207df5f000, 0x000002207df60000,
0x000002200f107000, 0x000002200f108000, 0x000002207e037000, 0x000002207e035800,
0x000002207e03c000, 0x000002207e03a800, 0x000002207e03b800, 0x000002207e038000,
0x000002207e036800, 0x000002207e039000, 0x000002207e03e000, 0x000002207e03d000,
0x000002207e03e800, 0x000002207e03f800, 0x000002207e039800, 0x000002207e040000,
0x000002207e042000, 0x000002207e041000, 0x000002207e042800, 0x000002207e043800,
0x000002207e044800, 0x000002200f102800, 0x000002200f104000, 0x000002200f106800,
0x000002200f109000, 0x000002200f105800, 0x000002200f109800, 0x000002200f104800,
0x000002200f10d000, 0x000002200f110000, 0x000002200f10b800, 0x000002200f10d800,
0x000002200f10e800, 0x000002200f10c000, 0x000002200f10f800, 0x000002200f10a800,
0x000002200f111000, 0x000002207df61800, 0x000002207df64000, 0x000002207df65000,
0x000002207df62800, 0x0000022011075000, 0x0000022011072800, 0x0000022011076800,
0x0000022011076000, 0x0000022011071000, 0x0000022011074000, 0x0000022011077800,
0x0000022011071800, 0x0000022017ba4000, 0x0000022017ba6000
}

Java Threads: ( => current thread )
  0x0000022070caf800 JavaThread "main" [_thread_blocked, id=4604, stack(0x0000009253b00000,0x0000009253c00000)]
  0x000002207db1e800 JavaThread "Reference Handler" daemon [_thread_blocked, id=10168, stack(0x0000009254200000,0x0000009254300000)]
  0x000002207db20000 JavaThread "Finalizer" daemon [_thread_blocked, id=4292, stack(0x0000009254300000,0x0000009254400000)]
  0x000002207db7b800 JavaThread "Signal Dispatcher" daemon [_thread_blocked, id=19220, stack(0x0000009254400000,0x0000009254500000)]
  0x000002207db7d000 JavaThread "Attach Listener" daemon [_thread_blocked, id=19620, stack(0x0000009254500000,0x0000009254600000)]
  0x000002207db7f800 JavaThread "Service Thread" daemon [_thread_blocked, id=20268, stack(0x0000009254600000,0x0000009254700000)]
  0x000002207db83000 JavaThread "C2 CompilerThread0" daemon [_thread_blocked, id=5808, stack(0x0000009254700000,0x0000009254800000)]
  0x000002207db88800 JavaThread "C1 CompilerThread0" daemon [_thread_blocked, id=14612, stack(0x0000009254800000,0x0000009254900000)]
  0x000002207db93000 JavaThread "Sweeper thread" daemon [_thread_blocked, id=20180, stack(0x0000009254900000,0x0000009254a00000)]
  0x000002207dde9000 JavaThread "Common-Cleaner" daemon [_thread_blocked, id=19296, stack(0x0000009254a00000,0x0000009254b00000)]
  0x000002207ebde000 JavaThread "Daemon health stats" [_thread_blocked, id=19820, stack(0x0000009254d00000,0x0000009254e00000)]
  0x000002207eeeb800 JavaThread "Incoming local TCP Connector on port 49943" [_thread_in_native, id=19824, stack(0x0000009254e00000,0x0000009254f00000)]
  0x000002207e024800 JavaThread "Daemon periodic checks" [_thread_blocked, id=12916, stack(0x0000009255100000,0x0000009255200000)]
  0x000002200f66a000 JavaThread "Cache worker for journal cache (C:\Users\LENOVO\.gradle\caches\journal-1)" [_thread_blocked, id=3364, stack(0x0000009255700000,0x0000009255800000)]
  0x000002200f563000 JavaThread "File lock request listener" [_thread_in_native, id=2856, stack(0x0000009255800000,0x0000009255900000)]
  0x000002207df63800 JavaThread "Cache worker for file hash cache (C:\Users\LENOVO\.gradle\caches\7.4\fileHashes)" [_thread_blocked, id=11524, stack(0x0000009255900000,0x0000009255a00000)]
  0x000002207df5e800 JavaThread "File watcher server" daemon [_thread_blocked, id=19604, stack(0x0000009255a00000,0x0000009255b00000)]
  0x000002207df61000 JavaThread "File watcher consumer" daemon [_thread_blocked, id=20148, stack(0x0000009255b00000,0x0000009255c00000)]
  0x000002207df5f000 JavaThread "jar transforms" [_thread_blocked, id=2884, stack(0x0000009255c00000,0x0000009255d00000)]
  0x000002207df60000 JavaThread "jar transforms Thread 2" [_thread_blocked, id=19568, stack(0x0000009255d00000,0x0000009255e00000)]
  0x000002200f107000 JavaThread "Cache worker for execution history cache (C:\Users\LENOVO\.gradle\caches\7.4\executionHistory)" [_thread_blocked, id=19684, stack(0x0000009256200000,0x0000009256300000)]
  0x000002200f108000 JavaThread "Cache worker for file content cache (C:\Users\LENOVO\.gradle\caches\7.4\fileContent)" [_thread_blocked, id=19184, stack(0x0000009256300000,0x0000009256400000)]
  0x000002207e037000 JavaThread "Memory manager" [_thread_blocked, id=7840, stack(0x0000009253800000,0x0000009253900000)]
  0x000002207e035800 JavaThread "pool-3-thread-1" [_thread_blocked, id=18072, stack(0x0000009257c00000,0x0000009257d00000)]
  0x000002207e03c000 JavaThread "Daemon Thread 2" [_thread_blocked, id=3268, stack(0x0000009253900000,0x0000009253a00000)]
  0x000002207e03a800 JavaThread "Handler for socket connection from /127.0.0.1:49943 to /127.0.0.1:50126" [_thread_in_native, id=7544, stack(0x0000009253a00000,0x0000009253b00000)]
  0x000002207e03b800 JavaThread "Cancel handler" [_thread_blocked, id=9236, stack(0x0000009254f00000,0x0000009255000000)]
  0x000002207e038000 JavaThread "Daemon worker Thread 2" [_thread_blocked, id=17764, stack(0x0000009255000000,0x0000009255100000)]
  0x000002207e036800 JavaThread "Asynchronous log dispatcher for DefaultDaemonConnection: socket connection from /127.0.0.1:49943 to /127.0.0.1:50126" [_thread_blocked, id=12292, stack(0x0000009255200000,0x0000009255300000)]
  0x000002207e039000 JavaThread "Stdin handler" [_thread_blocked, id=1848, stack(0x0000009255300000,0x0000009255400000)]
  0x000002207e03e000 JavaThread "Daemon client event forwarder" [_thread_blocked, id=20224, stack(0x0000009255400000,0x0000009255500000)]
  0x000002207e03d000 JavaThread "Cache worker for checksums cache (C:\Users\LENOVO\AndroidStudioProjects\Savoricious\.gradle\7.4\checksums)" [_thread_blocked, id=3208, stack(0x0000009255500000,0x0000009255600000)]
  0x000002207e03e800 JavaThread "Cache worker for cache directory md-rule (C:\Users\LENOVO\.gradle\caches\7.4\md-rule)" [_thread_blocked, id=1036, stack(0x0000009255600000,0x0000009255700000)]
  0x000002207e03f800 JavaThread "Cache worker for file hash cache (C:\Users\LENOVO\AndroidStudioProjects\Savoricious\.gradle\7.4\fileHashes)" [_thread_blocked, id=13980, stack(0x0000009255e00000,0x0000009255f00000)]
  0x000002207e039800 JavaThread "Cache worker for cache directory md-supplier (C:\Users\LENOVO\.gradle\caches\7.4\md-supplier)" [_thread_blocked, id=12368, stack(0x0000009255f00000,0x0000009256000000)]
  0x000002207e040000 JavaThread "Cache worker for dependencies-accessors (C:\Users\LENOVO\AndroidStudioProjects\Savoricious\.gradle\7.4\dependencies-accessors)" [_thread_blocked, id=19804, stack(0x0000009256000000,0x0000009256100000)]
  0x000002207e042000 JavaThread "Cache worker for Build Output Cleanup Cache (C:\Users\LENOVO\AndroidStudioProjects\Savoricious\.gradle\buildOutputCleanup)" [_thread_blocked, id=20452, stack(0x0000009256100000,0x0000009256200000)]
  0x000002207e041000 JavaThread "Unconstrained build operations" [_thread_blocked, id=15324, stack(0x0000009256400000,0x0000009256500000)]
  0x000002207e042800 JavaThread "Unconstrained build operations Thread 2" [_thread_blocked, id=13592, stack(0x0000009256500000,0x0000009256600000)]
  0x000002207e043800 JavaThread "Unconstrained build operations Thread 3" [_thread_blocked, id=9708, stack(0x0000009256600000,0x0000009256700000)]
  0x000002207e044800 JavaThread "Unconstrained build operations Thread 4" [_thread_blocked, id=13768, stack(0x0000009256700000,0x0000009256800000)]
  0x000002200f102800 JavaThread "Unconstrained build operations Thread 5" [_thread_blocked, id=3088, stack(0x0000009256800000,0x0000009256900000)]
  0x000002200f104000 JavaThread "Unconstrained build operations Thread 6" [_thread_blocked, id=15836, stack(0x0000009256900000,0x0000009256a00000)]
  0x000002200f106800 JavaThread "Unconstrained build operations Thread 7" [_thread_blocked, id=12048, stack(0x0000009256a00000,0x0000009256b00000)]
  0x000002200f109000 JavaThread "Unconstrained build operations Thread 8" [_thread_blocked, id=16836, stack(0x0000009256b00000,0x0000009256c00000)]
  0x000002200f105800 JavaThread "Unconstrained build operations Thread 9" [_thread_blocked, id=4388, stack(0x0000009256c00000,0x0000009256d00000)]
  0x000002200f109800 JavaThread "Unconstrained build operations Thread 10" [_thread_blocked, id=2104, stack(0x0000009256d00000,0x0000009256e00000)]
  0x000002200f104800 JavaThread "Unconstrained build operations Thread 11" [_thread_blocked, id=7432, stack(0x0000009256e00000,0x0000009256f00000)]
  0x000002200f10d000 JavaThread "Unconstrained build operations Thread 12" [_thread_blocked, id=15424, stack(0x0000009256f00000,0x0000009257000000)]
  0x000002200f110000 JavaThread "Unconstrained build operations Thread 13" [_thread_blocked, id=5820, stack(0x0000009257000000,0x0000009257100000)]
  0x000002200f10b800 JavaThread "Unconstrained build operations Thread 14" [_thread_blocked, id=12096, stack(0x0000009257100000,0x0000009257200000)]
  0x000002200f10d800 JavaThread "Unconstrained build operations Thread 15" [_thread_blocked, id=9040, stack(0x0000009257200000,0x0000009257300000)]
  0x000002200f10e800 JavaThread "Unconstrained build operations Thread 16" [_thread_blocked, id=19676, stack(0x0000009257300000,0x0000009257400000)]
  0x000002200f10c000 JavaThread "Unconstrained build operations Thread 17" [_thread_blocked, id=20244, stack(0x0000009257400000,0x0000009257500000)]
  0x000002200f10f800 JavaThread "Unconstrained build operations Thread 18" [_thread_blocked, id=14184, stack(0x0000009257500000,0x0000009257600000)]
  0x000002200f10a800 JavaThread "Unconstrained build operations Thread 19" [_thread_blocked, id=19624, stack(0x0000009257600000,0x0000009257700000)]
  0x000002200f111000 JavaThread "Unconstrained build operations Thread 20" [_thread_blocked, id=19360, stack(0x0000009257700000,0x0000009257800000)]
  0x000002207df61800 JavaThread "build event listener" [_thread_blocked, id=15140, stack(0x0000009257800000,0x0000009257900000)]
  0x000002207df64000 JavaThread "pool-6-thread-1" [_thread_blocked, id=17036, stack(0x0000009257900000,0x0000009257a00000)]
  0x000002207df65000 JavaThread "build event listener" [_thread_blocked, id=17732, stack(0x0000009257a00000,0x0000009257b00000)]
  0x000002207df62800 JavaThread "included builds" [_thread_blocked, id=13448, stack(0x0000009257b00000,0x0000009257c00000)]
  0x0000022011075000 JavaThread "Execution worker for ':'" [_thread_blocked, id=19276, stack(0x0000009257d00000,0x0000009257e00000)]
  0x0000022011072800 JavaThread "Cache worker for execution history cache (C:\Users\LENOVO\AndroidStudioProjects\Savoricious\.gradle\7.4\executionHistory)" [_thread_blocked, id=20412, stack(0x0000009257e00000,0x0000009257f00000)]
  0x0000022011076800 JavaThread "WorkerExecutor Queue" [_thread_blocked, id=13532, stack(0x0000009257f00000,0x0000009258000000)]
  0x0000022011076000 JavaThread "WorkerExecutor Queue Thread 2" [_thread_blocked, id=19056, stack(0x0000009258000000,0x0000009258100000)]
  0x0000022011071000 JavaThread "pool-7-thread-1" [_thread_blocked, id=14240, stack(0x0000009258200000,0x0000009258300000)]
  0x0000022011074000 JavaThread "stderr" [_thread_in_native, id=17160, stack(0x0000009258300000,0x0000009258400000)]
  0x0000022011077800 JavaThread "stdout" [_thread_in_native, id=14488, stack(0x0000009258400000,0x0000009258500000)]
  0x0000022011071800 JavaThread "WorkerExecutor Queue Thread 3" [_thread_blocked, id=19252, stack(0x0000009258500000,0x0000009258600000)]
  0x0000022017ba4000 JavaThread "ForkJoinPool-1-worker-3" daemon [_thread_blocked, id=14212, stack(0x0000009258600000,0x0000009258700000)]
  0x0000022017ba6000 JavaThread "ForkJoinPool-1-worker-1" daemon [_thread_blocked, id=11744, stack(0x0000009258700000,0x0000009258800000)]

Other Threads:
=>0x000002207db18800 VMThread "VM Thread" [stack: 0x0000009254100000,0x0000009254200000] [id=15928]
  0x000002207de58800 WatcherThread [stack: 0x0000009254b00000,0x0000009254c00000] [id=7788]
  0x0000022070cc6800 GCTaskThread "GC Thread#0" [stack: 0x0000009253c00000,0x0000009253d00000] [id=8012]
  0x000002207e026800 GCTaskThread "GC Thread#1" [stack: 0x0000009254c00000,0x0000009254d00000] [id=17488]
  0x0000022070cf6000 ConcurrentGCThread "G1 Main Marker" [stack: 0x0000009253d00000,0x0000009253e00000] [id=7216]
  0x0000022070cf7000 ConcurrentGCThread "G1 Conc#0" [stack: 0x0000009253e00000,0x0000009253f00000] [id=15580]
  0x0000022070d34000 ConcurrentGCThread "G1 Refine#0" [stack: 0x0000009253f00000,0x0000009254000000] [id=13288]
  0x0000022070d35000 ConcurrentGCThread "G1 Young RemSet Sampling" [stack: 0x0000009254000000,0x0000009254100000] [id=12216]

Threads with active compile tasks:
C2 CompilerThread04884340 19726       4       com.android.tools.r8.internal.k30::a (33 bytes)

VM state:at safepoint (normal execution)

VM Mutex/Monitor currently owned by a thread:  ([mutex/lock_event])
[0x0000022070cac250] Threads_lock - owner thread: 0x000002207db18800
[0x0000022070cac400] Heap_lock - owner thread: 0x0000022011071800

Heap address: 0x0000000080000000, size: 2048 MB, Compressed Oops mode: 32-bit
Narrow klass base: 0x0000000000000000, Narrow klass shift: 3
Compressed class space size: 1073741824 Address: 0x0000000100000000

Heap:
 garbage-first heap   total 451584K, used 267176K [0x0000000080000000, 0x0000000100000000)
  region size 1024K, 2 young (2048K), 2 survivors (2048K)
 Metaspace       used 147320K, capacity 150694K, committed 150960K, reserved 1181696K
  class space    used 18376K, capacity 19670K, committed 19712K, reserved 1048576K
Heap Regions: E=young(eden), S=young(survivor), O=old, HS=humongous(starts), HC=humongous(continues), CS=collection set, F=free, A=archive, TAMS=top-at-mark-start (previous, next)
|   0|0x0000000080000000, 0x0000000080100000, 0x0000000080100000|100%| O|  |TAMS 0x0000000080100000, 0x0000000080000000| Untracked 
|   1|0x0000000080100000, 0x0000000080200000, 0x0000000080200000|100%| O|  |TAMS 0x0000000080200000, 0x0000000080100000| Complete 
|   2|0x0000000080200000, 0x0000000080300000, 0x0000000080300000|100%| O|  |TAMS 0x0000000080300000, 0x0000000080200000| Complete 
|   3|0x0000000080300000, 0x0000000080400000, 0x0000000080400000|100%| O|  |TAMS 0x0000000080400000, 0x0000000080300000| Untracked 
|   4|0x0000000080400000, 0x0000000080500000, 0x0000000080500000|100%|HS|  |TAMS 0x0000000080500000, 0x0000000080400000| Complete 
|   5|0x0000000080500000, 0x0000000080600000, 0x0000000080600000|100%|HC|  |TAMS 0x0000000080600000, 0x0000000080500000| Complete 
|   6|0x0000000080600000, 0x0000000080700000, 0x0000000080700000|100%|HC|  |TAMS 0x0000000080700000, 0x0000000080600000| Complete 
|   7|0x0000000080700000, 0x0000000080800000, 0x0000000080800000|100%| O|  |TAMS 0x0000000080800000, 0x0000000080700000| Complete 
|   8|0x0000000080800000, 0x0000000080900000, 0x0000000080900000|100%| O|  |TAMS 0x0000000080900000, 0x0000000080800000| Untracked 
|   9|0x0000000080900000, 0x0000000080a00000, 0x0000000080a00000|100%| O|  |TAMS 0x0000000080a00000, 0x0000000080900000| Untracked 
|  10|0x0000000080a00000, 0x0000000080b00000, 0x0000000080b00000|100%| O|  |TAMS 0x0000000080b00000, 0x0000000080a00000| Untracked 
|  11|0x0000000080b00000, 0x0000000080c00000, 0x0000000080c00000|100%| O|  |TAMS 0x0000000080c00000, 0x0000000080b00000| Untracked 
|  12|0x0000000080c00000, 0x0000000080d00000, 0x0000000080d00000|100%| O|  |TAMS 0x0000000080d00000, 0x0000000080c00000| Untracked 
|  13|0x0000000080d00000, 0x0000000080e00000, 0x0000000080e00000|100%| O|  |TAMS 0x0000000080e00000, 0x0000000080d00000| Untracked 
|  14|0x0000000080e00000, 0x0000000080f00000, 0x0000000080f00000|100%| O|  |TAMS 0x0000000080f00000, 0x0000000080e00000| Complete 
|  15|0x0000000080f00000, 0x0000000081000000, 0x0000000081000000|100%| O|  |TAMS 0x0000000081000000, 0x0000000080f00000| Complete 
|  16|0x0000000081000000, 0x0000000081100000, 0x0000000081100000|100%| O|  |TAMS 0x0000000081100000, 0x0000000081000000| Complete 
|  17|0x0000000081100000, 0x0000000081200000, 0x0000000081200000|100%| O|  |TAMS 0x0000000081200000, 0x0000000081100000| Complete 
|  18|0x0000000081200000, 0x0000000081300000, 0x0000000081300000|100%|HS|  |TAMS 0x0000000081300000, 0x0000000081200000| Complete 
|  19|0x0000000081300000, 0x0000000081400000, 0x0000000081400000|100%|HC|  |TAMS 0x0000000081400000, 0x0000000081300000| Complete 
|  20|0x0000000081400000, 0x0000000081500000, 0x0000000081500000|100%|HS|  |TAMS 0x0000000081500000, 0x0000000081400000| Complete 
|  21|0x0000000081500000, 0x0000000081600000, 0x0000000081600000|100%|HC|  |TAMS 0x0000000081600000, 0x0000000081500000| Complete 
|  22|0x0000000081600000, 0x0000000081700000, 0x0000000081700000|100%|HC|  |TAMS 0x0000000081700000, 0x0000000081600000| Complete 
|  23|0x0000000081700000, 0x0000000081800000, 0x0000000081800000|100%| O|  |TAMS 0x0000000081800000, 0x0000000081700000| Complete 
|  24|0x0000000081800000, 0x0000000081900000, 0x0000000081900000|100%|HS|  |TAMS 0x0000000081900000, 0x0000000081800000| Complete 
|  25|0x0000000081900000, 0x0000000081a00000, 0x0000000081a00000|100%|HC|  |TAMS 0x0000000081a00000, 0x0000000081900000| Complete 
|  26|0x0000000081a00000, 0x0000000081b00000, 0x0000000081b00000|100%|HC|  |TAMS 0x0000000081b00000, 0x0000000081a00000| Complete 
|  27|0x0000000081b00000, 0x0000000081c00000, 0x0000000081c00000|100%| O|  |TAMS 0x0000000081c00000, 0x0000000081b00000| Complete 
|  28|0x0000000081c00000, 0x0000000081d00000, 0x0000000081d00000|100%| O|  |TAMS 0x0000000081d00000, 0x0000000081c00000| Untracked 
|  29|0x0000000081d00000, 0x0000000081e00000, 0x0000000081e00000|100%|HS|  |TAMS 0x0000000081e00000, 0x0000000081d00000| Complete 
|  30|0x0000000081e00000, 0x0000000081f00000, 0x0000000081f00000|100%|HC|  |TAMS 0x0000000081f00000, 0x0000000081e00000| Complete 
|  31|0x0000000081f00000, 0x0000000082000000, 0x0000000082000000|100%|HC|  |TAMS 0x0000000082000000, 0x0000000081f00000| Complete 
|  32|0x0000000082000000, 0x0000000082100000, 0x0000000082100000|100%|HC|  |TAMS 0x0000000082100000, 0x0000000082000000| Complete 
|  33|0x0000000082100000, 0x0000000082200000, 0x0000000082200000|100%|HC|  |TAMS 0x0000000082200000, 0x0000000082100000| Complete 
|  34|0x0000000082200000, 0x0000000082300000, 0x0000000082300000|100%| O|  |TAMS 0x0000000082300000, 0x0000000082200000| Complete 
|  35|0x0000000082300000, 0x0000000082400000, 0x0000000082400000|100%| O|  |TAMS 0x0000000082400000, 0x0000000082300000| Complete 
|  36|0x0000000082400000, 0x0000000082500000, 0x0000000082500000|100%| O|  |TAMS 0x0000000082500000, 0x0000000082400000| Complete 
|  37|0x0000000082500000, 0x0000000082600000, 0x0000000082600000|100%| O|  |TAMS 0x0000000082600000, 0x0000000082500000| Complete 
|  38|0x0000000082600000, 0x0000000082700000, 0x0000000082700000|100%| O|  |TAMS 0x0000000082700000, 0x0000000082600000| Complete 
|  39|0x0000000082700000, 0x0000000082800000, 0x0000000082800000|100%| O|  |TAMS 0x0000000082800000, 0x0000000082700000| Complete 
|  40|0x0000000082800000, 0x0000000082900000, 0x0000000082900000|100%| O|  |TAMS 0x0000000082900000, 0x0000000082800000| Untracked 
|  41|0x0000000082900000, 0x0000000082a00000, 0x0000000082a00000|100%| O|  |TAMS 0x0000000082a00000, 0x0000000082900000| Complete 
|  42|0x0000000082a00000, 0x0000000082b00000, 0x0000000082b00000|100%| O|  |TAMS 0x0000000082b00000, 0x0000000082a00000| Complete 
|  43|0x0000000082b00000, 0x0000000082c00000, 0x0000000082c00000|100%| O|  |TAMS 0x0000000082c00000, 0x0000000082b00000| Complete 
|  44|0x0000000082c00000, 0x0000000082d00000, 0x0000000082d00000|100%| O|  |TAMS 0x0000000082d00000, 0x0000000082c00000| Untracked 
|  45|0x0000000082d00000, 0x0000000082e00000, 0x0000000082e00000|100%| O|  |TAMS 0x0000000082e00000, 0x0000000082d00000| Untracked 
|  46|0x0000000082e00000, 0x0000000082f00000, 0x0000000082f00000|100%| O|  |TAMS 0x0000000082f00000, 0x0000000082e00000| Complete 
|  47|0x0000000082f00000, 0x0000000083000000, 0x0000000083000000|100%|HS|  |TAMS 0x0000000083000000, 0x0000000082f00000| Complete 
|  48|0x0000000083000000, 0x0000000083100000, 0x0000000083100000|100%|HC|  |TAMS 0x0000000083100000, 0x0000000083000000| Complete 
|  49|0x0000000083100000, 0x0000000083200000, 0x0000000083200000|100%|HC|  |TAMS 0x0000000083200000, 0x0000000083100000| Complete 
|  50|0x0000000083200000, 0x0000000083300000, 0x0000000083300000|100%|HC|  |TAMS 0x0000000083300000, 0x0000000083200000| Complete 
|  51|0x0000000083300000, 0x0000000083400000, 0x0000000083400000|100%|HS|  |TAMS 0x0000000083400000, 0x0000000083300000| Complete 
|  52|0x0000000083400000, 0x0000000083500000, 0x0000000083500000|100%|HC|  |TAMS 0x0000000083500000, 0x0000000083400000| Complete 
|  53|0x0000000083500000, 0x0000000083600000, 0x0000000083600000|100%|HC|  |TAMS 0x0000000083600000, 0x0000000083500000| Complete 
|  54|0x0000000083600000, 0x0000000083700000, 0x0000000083700000|100%|HS|  |TAMS 0x0000000083700000, 0x0000000083600000| Complete 
|  55|0x0000000083700000, 0x0000000083800000, 0x0000000083800000|100%|HC|  |TAMS 0x0000000083800000, 0x0000000083700000| Complete 
|  56|0x0000000083800000, 0x0000000083900000, 0x0000000083900000|100%|HS|  |TAMS 0x0000000083900000, 0x0000000083800000| Complete 
|  57|0x0000000083900000, 0x0000000083a00000, 0x0000000083a00000|100%|HC|  |TAMS 0x0000000083a00000, 0x0000000083900000| Complete 
|  58|0x0000000083a00000, 0x0000000083b00000, 0x0000000083b00000|100%|HC|  |TAMS 0x0000000083b00000, 0x0000000083a00000| Complete 
|  59|0x0000000083b00000, 0x0000000083c00000, 0x0000000083c00000|100%| O|  |TAMS 0x0000000083c00000, 0x0000000083b00000| Complete 
|  60|0x0000000083c00000, 0x0000000083d00000, 0x0000000083d00000|100%| O|  |TAMS 0x0000000083d00000, 0x0000000083c00000| Untracked 
|  61|0x0000000083d00000, 0x0000000083e00000, 0x0000000083e00000|100%| O|  |TAMS 0x0000000083e00000, 0x0000000083d00000| Untracked 
|  62|0x0000000083e00000, 0x0000000083f00000, 0x0000000083f00000|100%| O|  |TAMS 0x0000000083f00000, 0x0000000083e00000| Untracked 
|  63|0x0000000083f00000, 0x0000000084000000, 0x0000000084000000|100%|HS|  |TAMS 0x0000000084000000, 0x0000000083f00000| Complete 
|  64|0x0000000084000000, 0x0000000084100000, 0x0000000084100000|100%|HC|  |TAMS 0x0000000084100000, 0x0000000084000000| Complete 
|  65|0x0000000084100000, 0x0000000084200000, 0x0000000084200000|100%|HC|  |TAMS 0x0000000084200000, 0x0000000084100000| Complete 
|  66|0x0000000084200000, 0x0000000084300000, 0x0000000084300000|100%|HC|  |TAMS 0x0000000084300000, 0x0000000084200000| Complete 
|  67|0x0000000084300000, 0x0000000084400000, 0x0000000084400000|100%|HC|  |TAMS 0x0000000084400000, 0x0000000084300000| Complete 
|  68|0x0000000084400000, 0x0000000084500000, 0x0000000084500000|100%| O|  |TAMS 0x0000000084500000, 0x0000000084400000| Untracked 
|  69|0x0000000084500000, 0x0000000084600000, 0x0000000084600000|100%| O|  |TAMS 0x0000000084600000, 0x0000000084500000| Complete 
|  70|0x0000000084600000, 0x0000000084700000, 0x0000000084700000|100%| O|  |TAMS 0x0000000084700000, 0x0000000084600000| Complete 
|  71|0x0000000084700000, 0x0000000084800000, 0x0000000084800000|100%| O|  |TAMS 0x0000000084800000, 0x0000000084700000| Complete 
|  72|0x0000000084800000, 0x0000000084900000, 0x0000000084900000|100%| O|  |TAMS 0x0000000084900000, 0x0000000084800000| Untracked 
|  73|0x0000000084900000, 0x0000000084a00000, 0x0000000084a00000|100%| O|  |TAMS 0x0000000084a00000, 0x0000000084900000| Untracked 
|  74|0x0000000084a00000, 0x0000000084b00000, 0x0000000084b00000|100%|HS|  |TAMS 0x0000000084b00000, 0x0000000084a00000| Complete 
|  75|0x0000000084b00000, 0x0000000084c00000, 0x0000000084c00000|100%|HS|  |TAMS 0x0000000084c00000, 0x0000000084b00000| Complete 
|  76|0x0000000084c00000, 0x0000000084d00000, 0x0000000084d00000|100%|HS|  |TAMS 0x0000000084d00000, 0x0000000084c00000| Complete 
|  77|0x0000000084d00000, 0x0000000084e00000, 0x0000000084e00000|100%| O|  |TAMS 0x0000000084e00000, 0x0000000084d00000| Untracked 
|  78|0x0000000084e00000, 0x0000000084f00000, 0x0000000084f00000|100%| O|  |TAMS 0x0000000084f00000, 0x0000000084e00000| Complete 
|  79|0x0000000084f00000, 0x0000000085000000, 0x0000000085000000|100%|HS|  |TAMS 0x0000000085000000, 0x0000000084f00000| Complete 
|  80|0x0000000085000000, 0x0000000085100000, 0x0000000085100000|100%|HC|  |TAMS 0x0000000085100000, 0x0000000085000000| Complete 
|  81|0x0000000085100000, 0x0000000085200000, 0x0000000085200000|100%|HC|  |TAMS 0x0000000085200000, 0x0000000085100000| Complete 
|  82|0x0000000085200000, 0x0000000085300000, 0x0000000085300000|100%|HC|  |TAMS 0x0000000085300000, 0x0000000085200000| Complete 
|  83|0x0000000085300000, 0x0000000085400000, 0x0000000085400000|100%| O|  |TAMS 0x0000000085400000, 0x0000000085300000| Complete 
|  84|0x0000000085400000, 0x0000000085500000, 0x0000000085500000|100%| O|  |TAMS 0x0000000085500000, 0x0000000085400000| Complete 
|  85|0x0000000085500000, 0x0000000085600000, 0x0000000085600000|100%| O|  |TAMS 0x0000000085600000, 0x0000000085500000| Untracked 
|  86|0x0000000085600000, 0x0000000085700000, 0x0000000085700000|100%| O|  |TAMS 0x0000000085700000, 0x0000000085600000| Untracked 
|  87|0x0000000085700000, 0x0000000085800000, 0x0000000085800000|100%| O|  |TAMS 0x0000000085800000, 0x0000000085700000| Complete 
|  88|0x0000000085800000, 0x0000000085900000, 0x0000000085900000|100%|HS|  |TAMS 0x0000000085900000, 0x0000000085800000| Complete 
|  89|0x0000000085900000, 0x0000000085a00000, 0x0000000085a00000|100%|HC|  |TAMS 0x0000000085a00000, 0x0000000085900000| Complete 
|  90|0x0000000085a00000, 0x0000000085b00000, 0x0000000085b00000|100%| O|  |TAMS 0x0000000085b00000, 0x0000000085a00000| Untracked 
|  91|0x0000000085b00000, 0x0000000085c00000, 0x0000000085c00000|100%| O|  |TAMS 0x0000000085c00000, 0x0000000085b00000| Untracked 
|  92|0x0000000085c00000, 0x0000000085d00000, 0x0000000085d00000|100%| O|  |TAMS 0x0000000085d00000, 0x0000000085c00000| Untracked 
|  93|0x0000000085d00000, 0x0000000085e00000, 0x0000000085e00000|100%| O|  |TAMS 0x0000000085e00000, 0x0000000085d00000| Complete 
|  94|0x0000000085e00000, 0x0000000085f00000, 0x0000000085f00000|100%| O|  |TAMS 0x0000000085f00000, 0x0000000085e00000| Complete 
|  95|0x0000000085f00000, 0x0000000086000000, 0x0000000086000000|100%| O|  |TAMS 0x0000000086000000, 0x0000000085f00000| Untracked 
|  96|0x0000000086000000, 0x0000000086100000, 0x0000000086100000|100%| O|  |TAMS 0x0000000086100000, 0x0000000086000000| Untracked 
|  97|0x0000000086100000, 0x0000000086200000, 0x0000000086200000|100%| O|  |TAMS 0x0000000086200000, 0x0000000086100000| Untracked 
|  98|0x0000000086200000, 0x0000000086300000, 0x0000000086300000|100%| O|  |TAMS 0x0000000086300000, 0x0000000086200000| Complete 
|  99|0x0000000086300000, 0x0000000086400000, 0x0000000086400000|100%| O|  |TAMS 0x0000000086400000, 0x0000000086300000| Complete 
| 100|0x0000000086400000, 0x0000000086500000, 0x0000000086500000|100%| O|  |TAMS 0x0000000086500000, 0x0000000086400000| Untracked 
| 101|0x0000000086500000, 0x0000000086600000, 0x0000000086600000|100%| O|  |TAMS 0x0000000086600000, 0x0000000086500000| Untracked 
| 102|0x0000000086600000, 0x0000000086700000, 0x0000000086700000|100%| O|  |TAMS 0x0000000086700000, 0x0000000086600000| Untracked 
| 103|0x0000000086700000, 0x0000000086800000, 0x0000000086800000|100%| O|  |TAMS 0x0000000086800000, 0x0000000086700000| Complete 
| 104|0x0000000086800000, 0x0000000086900000, 0x0000000086900000|100%| O|  |TAMS 0x0000000086900000, 0x0000000086800000| Untracked 
| 105|0x0000000086900000, 0x0000000086a00000, 0x0000000086a00000|100%| O|  |TAMS 0x0000000086a00000, 0x0000000086900000| Untracked 
| 106|0x0000000086a00000, 0x0000000086b00000, 0x0000000086b00000|100%| O|  |TAMS 0x0000000086b00000, 0x0000000086a00000| Untracked 
| 107|0x0000000086b00000, 0x0000000086c00000, 0x0000000086c00000|100%| O|  |TAMS 0x0000000086c00000, 0x0000000086b00000| Complete 
| 108|0x0000000086c00000, 0x0000000086d00000, 0x0000000086d00000|100%| O|  |TAMS 0x0000000086d00000, 0x0000000086c00000| Untracked 
| 109|0x0000000086d00000, 0x0000000086e00000, 0x0000000086e00000|100%| O|  |TAMS 0x0000000086e00000, 0x0000000086d00000| Complete 
| 110|0x0000000086e00000, 0x0000000086f00000, 0x0000000086f00000|100%| O|  |TAMS 0x0000000086f00000, 0x0000000086e00000| Untracked 
| 111|0x0000000086f00000, 0x0000000087000000, 0x0000000087000000|100%|HS|  |TAMS 0x0000000087000000, 0x0000000086f00000| Complete 
| 112|0x0000000087000000, 0x0000000087100000, 0x0000000087100000|100%|HS|  |TAMS 0x0000000087100000, 0x0000000087000000| Complete 
| 113|0x0000000087100000, 0x0000000087200000, 0x0000000087200000|100%|HC|  |TAMS 0x0000000087200000, 0x0000000087100000| Complete 
| 114|0x0000000087200000, 0x0000000087300000, 0x0000000087300000|100%|HC|  |TAMS 0x0000000087300000, 0x0000000087200000| Complete 
| 115|0x0000000087300000, 0x0000000087400000, 0x0000000087400000|100%|HC|  |TAMS 0x0000000087400000, 0x0000000087300000| Complete 
| 116|0x0000000087400000, 0x0000000087500000, 0x0000000087500000|100%|HS|  |TAMS 0x0000000087500000, 0x0000000087400000| Complete 
| 117|0x0000000087500000, 0x0000000087600000, 0x0000000087600000|100%|HC|  |TAMS 0x0000000087600000, 0x0000000087500000| Complete 
| 118|0x0000000087600000, 0x0000000087700000, 0x0000000087700000|100%|HS|  |TAMS 0x0000000087700000, 0x0000000087600000| Complete 
| 119|0x0000000087700000, 0x0000000087800000, 0x0000000087800000|100%|HC|  |TAMS 0x0000000087800000, 0x0000000087700000| Complete 
| 120|0x0000000087800000, 0x0000000087900000, 0x0000000087900000|100%|HC|  |TAMS 0x0000000087900000, 0x0000000087800000| Complete 
| 121|0x0000000087900000, 0x0000000087a00000, 0x0000000087a00000|100%|HS|  |TAMS 0x0000000087a00000, 0x0000000087900000| Complete 
| 122|0x0000000087a00000, 0x0000000087b00000, 0x0000000087b00000|100%|HC|  |TAMS 0x0000000087b00000, 0x0000000087a00000| Complete 
| 123|0x0000000087b00000, 0x0000000087c00000, 0x0000000087c00000|100%|HC|  |TAMS 0x0000000087c00000, 0x0000000087b00000| Complete 
| 124|0x0000000087c00000, 0x0000000087d00000, 0x0000000087d00000|100%|HS|  |TAMS 0x0000000087d00000, 0x0000000087c00000| Complete 
| 125|0x0000000087d00000, 0x0000000087e00000, 0x0000000087e00000|100%|HC|  |TAMS 0x0000000087e00000, 0x0000000087d00000| Complete 
| 126|0x0000000087e00000, 0x0000000087f00000, 0x0000000087f00000|100%|HC|  |TAMS 0x0000000087f00000, 0x0000000087e00000| Complete 
| 127|0x0000000087f00000, 0x0000000088000000, 0x0000000088000000|100%|HC|  |TAMS 0x0000000088000000, 0x0000000087f00000| Complete 
| 128|0x0000000088000000, 0x0000000088100000, 0x0000000088100000|100%|HC|  |TAMS 0x0000000088100000, 0x0000000088000000| Complete 
| 129|0x0000000088100000, 0x0000000088200000, 0x0000000088200000|100%|HS|  |TAMS 0x0000000088200000, 0x0000000088100000| Complete 
| 130|0x0000000088200000, 0x0000000088300000, 0x0000000088300000|100%|HS|  |TAMS 0x0000000088300000, 0x0000000088200000| Complete 
| 131|0x0000000088300000, 0x0000000088400000, 0x0000000088400000|100%|HC|  |TAMS 0x0000000088400000, 0x0000000088300000| Complete 
| 132|0x0000000088400000, 0x0000000088500000, 0x0000000088500000|100%|HC|  |TAMS 0x0000000088500000, 0x0000000088400000| Complete 
| 133|0x0000000088500000, 0x0000000088600000, 0x0000000088600000|100%|HC|  |TAMS 0x0000000088600000, 0x0000000088500000| Complete 
| 134|0x0000000088600000, 0x0000000088700000, 0x0000000088700000|100%| O|  |TAMS 0x0000000088700000, 0x0000000088600000| Untracked 
| 135|0x0000000088700000, 0x0000000088800000, 0x0000000088800000|100%| O|  |TAMS 0x0000000088800000, 0x0000000088700000| Untracked 
| 136|0x0000000088800000, 0x0000000088900000, 0x0000000088900000|100%| O|  |TAMS 0x0000000088900000, 0x0000000088800000| Untracked 
| 137|0x0000000088900000, 0x0000000088a00000, 0x0000000088a00000|100%| O|  |TAMS 0x0000000088a00000, 0x0000000088900000| Complete 
| 138|0x0000000088a00000, 0x0000000088b00000, 0x0000000088b00000|100%| O|  |TAMS 0x0000000088b00000, 0x0000000088a00000| Untracked 
| 139|0x0000000088b00000, 0x0000000088c00000, 0x0000000088c00000|100%| O|  |TAMS 0x0000000088c00000, 0x0000000088b00000| Untracked 
| 140|0x0000000088c00000, 0x0000000088d00000, 0x0000000088d00000|100%| O|  |TAMS 0x0000000088d00000, 0x0000000088c00000| Untracked 
| 141|0x0000000088d00000, 0x0000000088e00000, 0x0000000088e00000|100%| O|  |TAMS 0x0000000088e00000, 0x0000000088d00000| Complete 
| 142|0x0000000088e00000, 0x0000000088f00000, 0x0000000088f00000|100%| O|  |TAMS 0x0000000088f00000, 0x0000000088e00000| Untracked 
| 143|0x0000000088f00000, 0x0000000089000000, 0x0000000089000000|100%| O|  |TAMS 0x0000000089000000, 0x0000000088f00000| Untracked 
| 144|0x0000000089000000, 0x0000000089100000, 0x0000000089100000|100%| O|  |TAMS 0x0000000089100000, 0x0000000089000000| Complete 
| 145|0x0000000089100000, 0x0000000089200000, 0x0000000089200000|100%| O|  |TAMS 0x0000000089200000, 0x0000000089100000| Complete 
| 146|0x0000000089200000, 0x0000000089300000, 0x0000000089300000|100%| O|  |TAMS 0x0000000089300000, 0x0000000089200000| Untracked 
| 147|0x0000000089300000, 0x0000000089400000, 0x0000000089400000|100%| O|  |TAMS 0x0000000089400000, 0x0000000089300000| Untracked 
| 148|0x0000000089400000, 0x0000000089500000, 0x0000000089500000|100%| O|  |TAMS 0x0000000089500000, 0x0000000089400000| Untracked 
| 149|0x0000000089500000, 0x0000000089600000, 0x0000000089600000|100%| O|  |TAMS 0x0000000089600000, 0x0000000089500000| Untracked 
| 150|0x0000000089600000, 0x0000000089700000, 0x0000000089700000|100%| O|  |TAMS 0x0000000089700000, 0x0000000089600000| Complete 
| 151|0x0000000089700000, 0x0000000089800000, 0x0000000089800000|100%| O|  |TAMS 0x0000000089800000, 0x0000000089700000| Untracked 
| 152|0x0000000089800000, 0x0000000089900000, 0x0000000089900000|100%| O|  |TAMS 0x0000000089900000, 0x0000000089800000| Complete 
| 153|0x0000000089900000, 0x0000000089a00000, 0x0000000089a00000|100%| O|  |TAMS 0x0000000089a00000, 0x0000000089900000| Untracked 
| 154|0x0000000089a00000, 0x0000000089b00000, 0x0000000089b00000|100%| O|  |TAMS 0x0000000089b00000, 0x0000000089a00000| Complete 
| 155|0x0000000089b00000, 0x0000000089c00000, 0x0000000089c00000|100%| O|  |TAMS 0x0000000089c00000, 0x0000000089b00000| Complete 
| 156|0x0000000089c00000, 0x0000000089d00000, 0x0000000089d00000|100%| O|  |TAMS 0x0000000089d00000, 0x0000000089c00000| Untracked 
| 157|0x0000000089d00000, 0x0000000089e00000, 0x0000000089e00000|100%| O|  |TAMS 0x0000000089e00000, 0x0000000089d00000| Untracked 
| 158|0x0000000089e00000, 0x0000000089f00000, 0x0000000089f00000|100%| O|  |TAMS 0x0000000089f00000, 0x0000000089e00000| Complete 
| 159|0x0000000089f00000, 0x000000008a000000, 0x000000008a000000|100%| O|  |TAMS 0x000000008a000000, 0x0000000089f00000| Complete 
| 160|0x000000008a000000, 0x000000008a100000, 0x000000008a100000|100%| O|  |TAMS 0x000000008a100000, 0x000000008a000000| Complete 
| 161|0x000000008a100000, 0x000000008a200000, 0x000000008a200000|100%| O|  |TAMS 0x000000008a200000, 0x000000008a100000| Complete 
| 162|0x000000008a200000, 0x000000008a300000, 0x000000008a300000|100%|HS|  |TAMS 0x000000008a300000, 0x000000008a200000| Complete 
| 163|0x000000008a300000, 0x000000008a400000, 0x000000008a400000|100%| O|  |TAMS 0x000000008a400000, 0x000000008a300000| Complete 
| 164|0x000000008a400000, 0x000000008a500000, 0x000000008a500000|100%|HS|  |TAMS 0x000000008a500000, 0x000000008a400000| Complete 
| 165|0x000000008a500000, 0x000000008a600000, 0x000000008a600000|100%|HC|  |TAMS 0x000000008a600000, 0x000000008a500000| Complete 
| 166|0x000000008a600000, 0x000000008a700000, 0x000000008a700000|100%|HS|  |TAMS 0x000000008a700000, 0x000000008a600000| Complete 
| 167|0x000000008a700000, 0x000000008a800000, 0x000000008a800000|100%|HS|  |TAMS 0x000000008a800000, 0x000000008a700000| Complete 
| 168|0x000000008a800000, 0x000000008a900000, 0x000000008a900000|100%|HS|  |TAMS 0x000000008a900000, 0x000000008a800000| Complete 
| 169|0x000000008a900000, 0x000000008aa00000, 0x000000008aa00000|100%|HC|  |TAMS 0x000000008aa00000, 0x000000008a900000| Complete 
| 170|0x000000008aa00000, 0x000000008ab00000, 0x000000008ab00000|100%| O|  |TAMS 0x000000008ab00000, 0x000000008aa00000| Complete 
| 171|0x000000008ab00000, 0x000000008ac00000, 0x000000008ac00000|100%|HS|  |TAMS 0x000000008ac00000, 0x000000008ab00000| Complete 
| 172|0x000000008ac00000, 0x000000008ad00000, 0x000000008ad00000|100%|HC|  |TAMS 0x000000008ad00000, 0x000000008ac00000| Complete 
| 173|0x000000008ad00000, 0x000000008ad00000, 0x000000008ae00000|  0%| F|  |TAMS 0x000000008ad00000, 0x000000008ad00000| Untracked 
| 174|0x000000008ae00000, 0x000000008af00000, 0x000000008af00000|100%| O|  |TAMS 0x000000008af00000, 0x000000008ae00000| Untracked 
| 175|0x000000008af00000, 0x000000008b000000, 0x000000008b000000|100%| O|  |TAMS 0x000000008b000000, 0x000000008af00000| Untracked 
| 176|0x000000008b000000, 0x000000008b100000, 0x000000008b100000|100%| O|  |TAMS 0x000000008b100000, 0x000000008b000000| Untracked 
| 177|0x000000008b100000, 0x000000008b200000, 0x000000008b200000|100%| O|  |TAMS 0x000000008b200000, 0x000000008b100000| Untracked 
| 178|0x000000008b200000, 0x000000008b300000, 0x000000008b300000|100%| O|  |TAMS 0x000000008b300000, 0x000000008b200000| Complete 
| 179|0x000000008b300000, 0x000000008b400000, 0x000000008b400000|100%|HS|  |TAMS 0x000000008b400000, 0x000000008b300000| Complete 
| 180|0x000000008b400000, 0x000000008b500000, 0x000000008b500000|100%| O|  |TAMS 0x000000008b500000, 0x000000008b400000| Complete 
| 181|0x000000008b500000, 0x000000008b600000, 0x000000008b600000|100%| O|  |TAMS 0x000000008b600000, 0x000000008b500000| Untracked 
| 182|0x000000008b600000, 0x000000008b700000, 0x000000008b700000|100%| O|  |TAMS 0x000000008b700000, 0x000000008b600000| Untracked 
| 183|0x000000008b700000, 0x000000008b800000, 0x000000008b800000|100%| O|  |TAMS 0x000000008b800000, 0x000000008b700000| Untracked 
| 184|0x000000008b800000, 0x000000008b900000, 0x000000008b900000|100%| O|  |TAMS 0x000000008b900000, 0x000000008b800000| Untracked 
| 185|0x000000008b900000, 0x000000008ba00000, 0x000000008ba00000|100%| O|  |TAMS 0x000000008ba00000, 0x000000008b900000| Untracked 
| 186|0x000000008ba00000, 0x000000008ba00000, 0x000000008bb00000|  0%| F|  |TAMS 0x000000008ba00000, 0x000000008ba00000| Untracked 
| 187|0x000000008bb00000, 0x000000008bc00000, 0x000000008bc00000|100%|HS|  |TAMS 0x000000008bc00000, 0x000000008bb00000| Complete 
| 188|0x000000008bc00000, 0x000000008bd00000, 0x000000008bd00000|100%|HC|  |TAMS 0x000000008bd00000, 0x000000008bc00000| Complete 
| 189|0x000000008bd00000, 0x000000008be00000, 0x000000008be00000|100%|HC|  |TAMS 0x000000008be00000, 0x000000008bd00000| Complete 
| 190|0x000000008be00000, 0x000000008bf00000, 0x000000008bf00000|100%| O|  |TAMS 0x000000008bf00000, 0x000000008be00000| Untracked 
| 191|0x000000008bf00000, 0x000000008c000000, 0x000000008c000000|100%| O|  |TAMS 0x000000008c000000, 0x000000008bf00000| Untracked 
| 192|0x000000008c000000, 0x000000008c100000, 0x000000008c100000|100%| O|  |TAMS 0x000000008c000000, 0x000000008c000000| Untracked 
| 193|0x000000008c100000, 0x000000008c200000, 0x000000008c200000|100%| O|  |TAMS 0x000000008c100000, 0x000000008c100000| Untracked 
| 194|0x000000008c200000, 0x000000008c300000, 0x000000008c300000|100%| O|  |TAMS 0x000000008c200000, 0x000000008c200000| Untracked 
| 195|0x000000008c300000, 0x000000008c400000, 0x000000008c400000|100%| O|  |TAMS 0x000000008c400000, 0x000000008c300000| Untracked 
| 196|0x000000008c400000, 0x000000008c500000, 0x000000008c500000|100%| O|  |TAMS 0x000000008c400000, 0x000000008c400000| Untracked 
| 197|0x000000008c500000, 0x000000008c600000, 0x000000008c600000|100%| O|  |TAMS 0x000000008c600000, 0x000000008c500000| Untracked 
| 198|0x000000008c600000, 0x000000008c700000, 0x000000008c700000|100%| O|  |TAMS 0x000000008c700000, 0x000000008c600000| Untracked 
| 199|0x000000008c700000, 0x000000008c800000, 0x000000008c800000|100%| O|  |TAMS 0x000000008c800000, 0x000000008c700000| Complete 
| 200|0x000000008c800000, 0x000000008c900000, 0x000000008c900000|100%| O|  |TAMS 0x000000008c900000, 0x000000008c800000| Complete 
| 201|0x000000008c900000, 0x000000008ca00000, 0x000000008ca00000|100%| O|  |TAMS 0x000000008ca00000, 0x000000008c900000| Complete 
| 202|0x000000008ca00000, 0x000000008cb00000, 0x000000008cb00000|100%| O|  |TAMS 0x000000008cb00000, 0x000000008ca00000| Complete 
| 203|0x000000008cb00000, 0x000000008cc00000, 0x000000008cc00000|100%| O|  |TAMS 0x000000008cc00000, 0x000000008cb00000| Complete 
| 204|0x000000008cc00000, 0x000000008cd00000, 0x000000008cd00000|100%| O|  |TAMS 0x000000008cc00000, 0x000000008cc00000| Untracked 
| 205|0x000000008cd00000, 0x000000008ce00000, 0x000000008ce00000|100%| O|  |TAMS 0x000000008cd00000, 0x000000008cd00000| Untracked 
| 206|0x000000008ce00000, 0x000000008cf00000, 0x000000008cf00000|100%| O|  |TAMS 0x000000008cf00000, 0x000000008ce00000| Untracked 
| 207|0x000000008cf00000, 0x000000008d000000, 0x000000008d000000|100%| O|  |TAMS 0x000000008d000000, 0x000000008cf00000| Complete 
| 208|0x000000008d000000, 0x000000008d100000, 0x000000008d100000|100%| O|  |TAMS 0x000000008d000000, 0x000000008d000000| Untracked 
| 209|0x000000008d100000, 0x000000008d200000, 0x000000008d200000|100%| O|  |TAMS 0x000000008d100000, 0x000000008d100000| Untracked 
| 210|0x000000008d200000, 0x000000008d300000, 0x000000008d300000|100%| O|  |TAMS 0x000000008d300000, 0x000000008d200000| Complete 
| 211|0x000000008d300000, 0x000000008d400000, 0x000000008d400000|100%| O|  |TAMS 0x000000008d400000, 0x000000008d300000| Untracked 
| 212|0x000000008d400000, 0x000000008d500000, 0x000000008d500000|100%| O|  |TAMS 0x000000008d500000, 0x000000008d400000| Untracked 
| 213|0x000000008d500000, 0x000000008d600000, 0x000000008d600000|100%| O|  |TAMS 0x000000008d600000, 0x000000008d500000| Untracked 
| 214|0x000000008d600000, 0x000000008d600000, 0x000000008d700000|  0%| F|  |TAMS 0x000000008d600000, 0x000000008d600000| Untracked 
| 215|0x000000008d700000, 0x000000008d800000, 0x000000008d800000|100%| O|  |TAMS 0x000000008d800000, 0x000000008d700000| Untracked 
| 216|0x000000008d800000, 0x000000008d900000, 0x000000008d900000|100%| O|  |TAMS 0x000000008d800000, 0x000000008d800000| Untracked 
| 217|0x000000008d900000, 0x000000008da00000, 0x000000008da00000|100%| O|  |TAMS 0x000000008d900000, 0x000000008d900000| Untracked 
| 218|0x000000008da00000, 0x000000008db00000, 0x000000008db00000|100%| O|  |TAMS 0x000000008da00000, 0x000000008da00000| Untracked 
| 219|0x000000008db00000, 0x000000008dc00000, 0x000000008dc00000|100%| O|  |TAMS 0x000000008dc00000, 0x000000008db00000| Untracked 
| 220|0x000000008dc00000, 0x000000008dd00000, 0x000000008dd00000|100%| O|  |TAMS 0x000000008dd00000, 0x000000008dc00000| Untracked 
| 221|0x000000008dd00000, 0x000000008de00000, 0x000000008de00000|100%| O|  |TAMS 0x000000008de00000, 0x000000008dd00000| Complete 
| 222|0x000000008de00000, 0x000000008de80000, 0x000000008df00000| 50%| O|  |TAMS 0x000000008de00000, 0x000000008de00000| Untracked 
| 223|0x000000008df00000, 0x000000008df00000, 0x000000008e000000|  0%| F|  |TAMS 0x000000008df00000, 0x000000008df00000| Untracked 
| 224|0x000000008e000000, 0x000000008e000000, 0x000000008e100000|  0%| F|  |TAMS 0x000000008e000000, 0x000000008e000000| Untracked 
| 225|0x000000008e100000, 0x000000008e200000, 0x000000008e200000|100%| O|  |TAMS 0x000000008e200000, 0x000000008e100000| Complete 
| 226|0x000000008e200000, 0x000000008e300000, 0x000000008e300000|100%| O|  |TAMS 0x000000008e300000, 0x000000008e200000| Untracked 
| 227|0x000000008e300000, 0x000000008e400000, 0x000000008e400000|100%| O|  |TAMS 0x000000008e400000, 0x000000008e300000| Untracked 
| 228|0x000000008e400000, 0x000000008e500000, 0x000000008e500000|100%| O|  |TAMS 0x000000008e500000, 0x000000008e400000| Untracked 
| 229|0x000000008e500000, 0x000000008e600000, 0x000000008e600000|100%| O|  |TAMS 0x000000008e600000, 0x000000008e500000| Untracked 
| 230|0x000000008e600000, 0x000000008e700000, 0x000000008e700000|100%| O|  |TAMS 0x000000008e700000, 0x000000008e600000| Complete 
| 231|0x000000008e700000, 0x000000008e800000, 0x000000008e800000|100%| O|  |TAMS 0x000000008e800000, 0x000000008e700000| Untracked 
| 232|0x000000008e800000, 0x000000008e900000, 0x000000008e900000|100%| O|  |TAMS 0x000000008e900000, 0x000000008e800000| Untracked 
| 233|0x000000008e900000, 0x000000008e900000, 0x000000008ea00000|  0%| F|  |TAMS 0x000000008e900000, 0x000000008e900000| Untracked 
| 234|0x000000008ea00000, 0x000000008eb00000, 0x000000008eb00000|100%| O|  |TAMS 0x000000008eb00000, 0x000000008ea00000| Complete 
| 235|0x000000008eb00000, 0x000000008ec00000, 0x000000008ec00000|100%| O|  |TAMS 0x000000008ec00000, 0x000000008eb00000| Untracked 
| 236|0x000000008ec00000, 0x000000008ed00000, 0x000000008ed00000|100%| O|  |TAMS 0x000000008ed00000, 0x000000008ec00000| Untracked 
| 237|0x000000008ed00000, 0x000000008ee00000, 0x000000008ee00000|100%| O|  |TAMS 0x000000008ee00000, 0x000000008ed00000| Untracked 
| 238|0x000000008ee00000, 0x000000008ef00000, 0x000000008ef00000|100%| O|  |TAMS 0x000000008ef00000, 0x000000008ee00000| Untracked 
| 239|0x000000008ef00000, 0x000000008f000000, 0x000000008f000000|100%| O|  |TAMS 0x000000008f000000, 0x000000008ef00000| Untracked 
| 240|0x000000008f000000, 0x000000008f100000, 0x000000008f100000|100%| O|  |TAMS 0x000000008f100000, 0x000000008f000000| Untracked 
| 241|0x000000008f100000, 0x000000008f100000, 0x000000008f200000|  0%| F|  |TAMS 0x000000008f100000, 0x000000008f100000| Untracked 
| 242|0x000000008f200000, 0x000000008f300000, 0x000000008f300000|100%| O|  |TAMS 0x000000008f300000, 0x000000008f200000| Complete 
| 243|0x000000008f300000, 0x000000008f400000, 0x000000008f400000|100%| O|  |TAMS 0x000000008f400000, 0x000000008f300000| Untracked 
| 244|0x000000008f400000, 0x000000008f500000, 0x000000008f500000|100%| O|  |TAMS 0x000000008f500000, 0x000000008f400000| Untracked 
| 245|0x000000008f500000, 0x000000008f600000, 0x000000008f600000|100%| O|  |TAMS 0x000000008f600000, 0x000000008f500000| Untracked 
| 246|0x000000008f600000, 0x000000008f700000, 0x000000008f700000|100%| O|  |TAMS 0x000000008f700000, 0x000000008f600000| Untracked 
| 247|0x000000008f700000, 0x000000008f800000, 0x000000008f800000|100%| O|  |TAMS 0x000000008f800000, 0x000000008f700000| Untracked 
| 248|0x000000008f800000, 0x000000008f900000, 0x000000008f900000|100%| O|  |TAMS 0x000000008f900000, 0x000000008f800000| Untracked 
| 249|0x000000008f900000, 0x000000008fa00000, 0x000000008fa00000|100%| O|  |TAMS 0x000000008fa00000, 0x000000008f900000| Untracked 
| 250|0x000000008fa00000, 0x000000008fb00000, 0x000000008fb00000|100%| O|  |TAMS 0x000000008fb00000, 0x000000008fa00000| Complete 
| 251|0x000000008fb00000, 0x000000008fc00000, 0x000000008fc00000|100%| O|  |TAMS 0x000000008fc00000, 0x000000008fb00000| Complete 
| 252|0x000000008fc00000, 0x000000008fd00000, 0x000000008fd00000|100%| O|  |TAMS 0x000000008fd00000, 0x000000008fc00000| Complete 
| 253|0x000000008fd00000, 0x000000008fe00000, 0x000000008fe00000|100%| O|  |TAMS 0x000000008fe00000, 0x000000008fd00000| Untracked 
| 254|0x000000008fe00000, 0x000000008ff00000, 0x000000008ff00000|100%| O|  |TAMS 0x000000008ff00000, 0x000000008fe00000| Untracked 
| 255|0x000000008ff00000, 0x0000000090000000, 0x0000000090000000|100%| O|  |TAMS 0x0000000090000000, 0x000000008ff00000| Untracked 
| 256|0x0000000090000000, 0x0000000090100000, 0x0000000090100000|100%| O|  |TAMS 0x0000000090100000, 0x0000000090000000| Untracked 
| 257|0x0000000090100000, 0x0000000090200000, 0x0000000090200000|100%| O|  |TAMS 0x0000000090200000, 0x0000000090100000| Untracked 
| 258|0x0000000090200000, 0x0000000090300000, 0x0000000090300000|100%| O|  |TAMS 0x0000000090300000, 0x0000000090200000| Complete 
| 259|0x0000000090300000, 0x0000000090400000, 0x0000000090400000|100%| O|  |TAMS 0x0000000090400000, 0x0000000090300000| Untracked 
| 260|0x0000000090400000, 0x0000000090500000, 0x0000000090500000|100%| O|  |TAMS 0x0000000090500000, 0x0000000090400000| Complete 
| 261|0x0000000090500000, 0x0000000090600000, 0x0000000090600000|100%| O|  |TAMS 0x0000000090600000, 0x0000000090500000| Untracked 
| 262|0x0000000090600000, 0x0000000090700000, 0x0000000090700000|100%| O|  |TAMS 0x0000000090700000, 0x0000000090600000| Untracked 
| 263|0x0000000090700000, 0x0000000090800000, 0x0000000090800000|100%| O|  |TAMS 0x0000000090800000, 0x0000000090700000| Untracked 
| 264|0x0000000090800000, 0x0000000090900000, 0x0000000090900000|100%| O|  |TAMS 0x0000000090900000, 0x0000000090800000| Untracked 
| 265|0x0000000090900000, 0x0000000090a00000, 0x0000000090a00000|100%| O|  |TAMS 0x0000000090a00000, 0x0000000090900000| Untracked 
| 266|0x0000000090a00000, 0x0000000090b00000, 0x0000000090b00000|100%| O|  |TAMS 0x0000000090b00000, 0x0000000090a00000| Untracked 
| 267|0x0000000090b00000, 0x0000000090b00000, 0x0000000090c00000|  0%| F|  |TAMS 0x0000000090b00000, 0x0000000090b00000| Untracked 
| 268|0x0000000090c00000, 0x0000000090c00000, 0x0000000090d00000|  0%| F|  |TAMS 0x0000000090c00000, 0x0000000090c00000| Untracked 
| 269|0x0000000090d00000, 0x0000000090d00000, 0x0000000090e00000|  0%| F|  |TAMS 0x0000000090d00000, 0x0000000090d00000| Untracked 
| 270|0x0000000090e00000, 0x0000000090e00000, 0x0000000090f00000|  0%| F|  |TAMS 0x0000000090e00000, 0x0000000090e00000| Untracked 
| 271|0x0000000090f00000, 0x0000000090f00000, 0x0000000091000000|  0%| F|  |TAMS 0x0000000090f00000, 0x0000000090f00000| Untracked 
| 272|0x0000000091000000, 0x0000000091000000, 0x0000000091100000|  0%| F|  |TAMS 0x0000000091000000, 0x0000000091000000| Untracked 
| 273|0x0000000091100000, 0x0000000091100000, 0x0000000091200000|  0%| F|  |TAMS 0x0000000091100000, 0x0000000091100000| Untracked 
| 274|0x0000000091200000, 0x0000000091200000, 0x0000000091300000|  0%| F|  |TAMS 0x0000000091200000, 0x0000000091200000| Untracked 
| 275|0x0000000091300000, 0x0000000091300000, 0x0000000091400000|  0%| F|  |TAMS 0x0000000091300000, 0x0000000091300000| Untracked 
| 276|0x0000000091400000, 0x0000000091400000, 0x0000000091500000|  0%| F|  |TAMS 0x0000000091400000, 0x0000000091400000| Untracked 
| 277|0x0000000091500000, 0x0000000091500000, 0x0000000091600000|  0%| F|  |TAMS 0x0000000091500000, 0x0000000091500000| Untracked 
| 278|0x0000000091600000, 0x0000000091600000, 0x0000000091700000|  0%| F|  |TAMS 0x0000000091600000, 0x0000000091600000| Untracked 
| 279|0x0000000091700000, 0x0000000091700000, 0x0000000091800000|  0%| F|  |TAMS 0x0000000091700000, 0x0000000091700000| Untracked 
| 280|0x0000000091800000, 0x0000000091800000, 0x0000000091900000|  0%| F|  |TAMS 0x0000000091800000, 0x0000000091800000| Untracked 
| 281|0x0000000091900000, 0x0000000091900000, 0x0000000091a00000|  0%| F|  |TAMS 0x0000000091900000, 0x0000000091900000| Untracked 
| 282|0x0000000091a00000, 0x0000000091a00000, 0x0000000091b00000|  0%| F|  |TAMS 0x0000000091a00000, 0x0000000091a00000| Untracked 
| 283|0x0000000091b00000, 0x0000000091b00000, 0x0000000091c00000|  0%| F|  |TAMS 0x0000000091b00000, 0x0000000091b00000| Untracked 
| 284|0x0000000091c00000, 0x0000000091c00000, 0x0000000091d00000|  0%| F|  |TAMS 0x0000000091c00000, 0x0000000091c00000| Untracked 
| 285|0x0000000091d00000, 0x0000000091d00000, 0x0000000091e00000|  0%| F|  |TAMS 0x0000000091d00000, 0x0000000091d00000| Untracked 
| 286|0x0000000091e00000, 0x0000000091e00000, 0x0000000091f00000|  0%| F|  |TAMS 0x0000000091e00000, 0x0000000091e00000| Untracked 
| 287|0x0000000091f00000, 0x0000000091f00000, 0x0000000092000000|  0%| F|  |TAMS 0x0000000091f00000, 0x0000000091f00000| Untracked 
| 288|0x0000000092000000, 0x0000000092000000, 0x0000000092100000|  0%| F|  |TAMS 0x0000000092000000, 0x0000000092000000| Untracked 
| 289|0x0000000092100000, 0x0000000092100000, 0x0000000092200000|  0%| F|  |TAMS 0x0000000092100000, 0x0000000092100000| Untracked 
| 290|0x0000000092200000, 0x0000000092200000, 0x0000000092300000|  0%| F|  |TAMS 0x0000000092200000, 0x0000000092200000| Untracked 
| 291|0x0000000092300000, 0x0000000092300000, 0x0000000092400000|  0%| F|  |TAMS 0x0000000092300000, 0x0000000092300000| Untracked 
| 292|0x0000000092400000, 0x0000000092400000, 0x0000000092500000|  0%| F|  |TAMS 0x0000000092400000, 0x0000000092400000| Untracked 
| 293|0x0000000092500000, 0x0000000092500000, 0x0000000092600000|  0%| F|  |TAMS 0x0000000092500000, 0x0000000092500000| Untracked 
| 294|0x0000000092600000, 0x0000000092600000, 0x0000000092700000|  0%| F|  |TAMS 0x0000000092600000, 0x0000000092600000| Untracked 
| 295|0x0000000092700000, 0x0000000092700000, 0x0000000092800000|  0%| F|  |TAMS 0x0000000092700000, 0x0000000092700000| Untracked 
| 296|0x0000000092800000, 0x0000000092800000, 0x0000000092900000|  0%| F|  |TAMS 0x0000000092800000, 0x0000000092800000| Untracked 
| 297|0x0000000092900000, 0x0000000092900000, 0x0000000092a00000|  0%| F|  |TAMS 0x0000000092900000, 0x0000000092900000| Untracked 
| 298|0x0000000092a00000, 0x0000000092a00000, 0x0000000092b00000|  0%| F|  |TAMS 0x0000000092a00000, 0x0000000092a00000| Untracked 
| 299|0x0000000092b00000, 0x0000000092b00000, 0x0000000092c00000|  0%| F|  |TAMS 0x0000000092b00000, 0x0000000092b00000| Untracked 
| 300|0x0000000092c00000, 0x0000000092c00000, 0x0000000092d00000|  0%| F|  |TAMS 0x0000000092c00000, 0x0000000092c00000| Untracked 
| 301|0x0000000092d00000, 0x0000000092d00000, 0x0000000092e00000|  0%| F|  |TAMS 0x0000000092d00000, 0x0000000092d00000| Untracked 
| 302|0x0000000092e00000, 0x0000000092e00000, 0x0000000092f00000|  0%| F|  |TAMS 0x0000000092e00000, 0x0000000092e00000| Untracked 
| 303|0x0000000092f00000, 0x0000000092f00000, 0x0000000093000000|  0%| F|  |TAMS 0x0000000092f00000, 0x0000000092f00000| Untracked 
| 304|0x0000000093000000, 0x0000000093000000, 0x0000000093100000|  0%| F|  |TAMS 0x0000000093000000, 0x0000000093000000| Untracked 
| 305|0x0000000093100000, 0x0000000093100000, 0x0000000093200000|  0%| F|  |TAMS 0x0000000093100000, 0x0000000093100000| Untracked 
| 306|0x0000000093200000, 0x0000000093200000, 0x0000000093300000|  0%| F|  |TAMS 0x0000000093200000, 0x0000000093200000| Untracked 
| 307|0x0000000093300000, 0x0000000093300000, 0x0000000093400000|  0%| F|  |TAMS 0x0000000093300000, 0x0000000093300000| Untracked 
| 308|0x0000000093400000, 0x0000000093400000, 0x0000000093500000|  0%| F|  |TAMS 0x0000000093400000, 0x0000000093400000| Untracked 
| 309|0x0000000093500000, 0x0000000093500000, 0x0000000093600000|  0%| F|  |TAMS 0x0000000093500000, 0x0000000093500000| Untracked 
| 310|0x0000000093600000, 0x0000000093600000, 0x0000000093700000|  0%| F|  |TAMS 0x0000000093600000, 0x0000000093600000| Untracked 
| 311|0x0000000093700000, 0x0000000093700000, 0x0000000093800000|  0%| F|  |TAMS 0x0000000093700000, 0x0000000093700000| Untracked 
| 312|0x0000000093800000, 0x0000000093800000, 0x0000000093900000|  0%| F|  |TAMS 0x0000000093800000, 0x0000000093800000| Untracked 
| 313|0x0000000093900000, 0x0000000093900000, 0x0000000093a00000|  0%| F|  |TAMS 0x0000000093900000, 0x0000000093900000| Untracked 
| 314|0x0000000093a00000, 0x0000000093a00000, 0x0000000093b00000|  0%| F|  |TAMS 0x0000000093a00000, 0x0000000093a00000| Untracked 
| 315|0x0000000093b00000, 0x0000000093b00000, 0x0000000093c00000|  0%| F|  |TAMS 0x0000000093b00000, 0x0000000093b00000| Untracked 
| 316|0x0000000093c00000, 0x0000000093c00000, 0x0000000093d00000|  0%| F|  |TAMS 0x0000000093c00000, 0x0000000093c00000| Untracked 
| 317|0x0000000093d00000, 0x0000000093d00000, 0x0000000093e00000|  0%| F|  |TAMS 0x0000000093d00000, 0x0000000093d00000| Untracked 
| 318|0x0000000093e00000, 0x0000000093e00000, 0x0000000093f00000|  0%| F|  |TAMS 0x0000000093e00000, 0x0000000093e00000| Untracked 
| 319|0x0000000093f00000, 0x0000000093f00000, 0x0000000094000000|  0%| F|  |TAMS 0x0000000093f00000, 0x0000000093f00000| Untracked 
| 320|0x0000000094000000, 0x0000000094000000, 0x0000000094100000|  0%| F|  |TAMS 0x0000000094000000, 0x0000000094000000| Untracked 
| 321|0x0000000094100000, 0x0000000094100000, 0x0000000094200000|  0%| F|  |TAMS 0x0000000094100000, 0x0000000094100000| Untracked 
| 322|0x0000000094200000, 0x0000000094200000, 0x0000000094300000|  0%| F|  |TAMS 0x0000000094200000, 0x0000000094200000| Untracked 
| 323|0x0000000094300000, 0x0000000094300000, 0x0000000094400000|  0%| F|  |TAMS 0x0000000094300000, 0x0000000094300000| Untracked 
| 324|0x0000000094400000, 0x0000000094400000, 0x0000000094500000|  0%| F|  |TAMS 0x0000000094400000, 0x0000000094400000| Untracked 
| 325|0x0000000094500000, 0x0000000094500000, 0x0000000094600000|  0%| F|  |TAMS 0x0000000094500000, 0x0000000094500000| Untracked 
| 326|0x0000000094600000, 0x0000000094600000, 0x0000000094700000|  0%| F|  |TAMS 0x0000000094600000, 0x0000000094600000| Untracked 
| 327|0x0000000094700000, 0x0000000094700000, 0x0000000094800000|  0%| F|  |TAMS 0x0000000094700000, 0x0000000094700000| Untracked 
| 328|0x0000000094800000, 0x0000000094800000, 0x0000000094900000|  0%| F|  |TAMS 0x0000000094800000, 0x0000000094800000| Untracked 
| 329|0x0000000094900000, 0x0000000094900000, 0x0000000094a00000|  0%| F|  |TAMS 0x0000000094900000, 0x0000000094900000| Untracked 
| 330|0x0000000094a00000, 0x0000000094a00000, 0x0000000094b00000|  0%| F|  |TAMS 0x0000000094a00000, 0x0000000094a00000| Untracked 
| 331|0x0000000094b00000, 0x0000000094b00000, 0x0000000094c00000|  0%| F|  |TAMS 0x0000000094b00000, 0x0000000094b00000| Untracked 
| 332|0x0000000094c00000, 0x0000000094c00000, 0x0000000094d00000|  0%| F|  |TAMS 0x0000000094c00000, 0x0000000094c00000| Untracked 
| 333|0x0000000094d00000, 0x0000000094d00000, 0x0000000094e00000|  0%| F|  |TAMS 0x0000000094d00000, 0x0000000094d00000| Untracked 
| 334|0x0000000094e00000, 0x0000000094e00000, 0x0000000094f00000|  0%| F|  |TAMS 0x0000000094e00000, 0x0000000094e00000| Untracked 
| 335|0x0000000094f00000, 0x0000000094f00000, 0x0000000095000000|  0%| F|  |TAMS 0x0000000094f00000, 0x0000000094f00000| Untracked 
| 336|0x0000000095000000, 0x0000000095000000, 0x0000000095100000|  0%| F|  |TAMS 0x0000000095000000, 0x0000000095000000| Untracked 
| 337|0x0000000095100000, 0x0000000095100000, 0x0000000095200000|  0%| F|  |TAMS 0x0000000095100000, 0x0000000095100000| Untracked 
| 338|0x0000000095200000, 0x0000000095200000, 0x0000000095300000|  0%| F|  |TAMS 0x0000000095200000, 0x0000000095200000| Untracked 
| 339|0x0000000095300000, 0x0000000095300000, 0x0000000095400000|  0%| F|  |TAMS 0x0000000095300000, 0x0000000095300000| Untracked 
| 340|0x0000000095400000, 0x0000000095400000, 0x0000000095500000|  0%| F|  |TAMS 0x0000000095400000, 0x0000000095400000| Untracked 
| 341|0x0000000095500000, 0x0000000095500000, 0x0000000095600000|  0%| F|  |TAMS 0x0000000095500000, 0x0000000095500000| Untracked 
| 342|0x0000000095600000, 0x0000000095600000, 0x0000000095700000|  0%| F|  |TAMS 0x0000000095600000, 0x0000000095600000| Untracked 
| 343|0x0000000095700000, 0x0000000095700000, 0x0000000095800000|  0%| F|  |TAMS 0x0000000095700000, 0x0000000095700000| Untracked 
| 344|0x0000000095800000, 0x0000000095800000, 0x0000000095900000|  0%| F|  |TAMS 0x0000000095800000, 0x0000000095800000| Untracked 
| 345|0x0000000095900000, 0x0000000095900000, 0x0000000095a00000|  0%| F|  |TAMS 0x0000000095900000, 0x0000000095900000| Untracked 
| 346|0x0000000095a00000, 0x0000000095a00000, 0x0000000095b00000|  0%| F|  |TAMS 0x0000000095a00000, 0x0000000095a00000| Untracked 
| 347|0x0000000095b00000, 0x0000000095b00000, 0x0000000095c00000|  0%| F|  |TAMS 0x0000000095b00000, 0x0000000095b00000| Untracked 
| 348|0x0000000095c00000, 0x0000000095c00000, 0x0000000095d00000|  0%| F|  |TAMS 0x0000000095c00000, 0x0000000095c00000| Untracked 
| 349|0x0000000095d00000, 0x0000000095d00000, 0x0000000095e00000|  0%| F|  |TAMS 0x0000000095d00000, 0x0000000095d00000| Untracked 
| 350|0x0000000095e00000, 0x0000000095e00000, 0x0000000095f00000|  0%| F|  |TAMS 0x0000000095e00000, 0x0000000095e00000| Untracked 
| 351|0x0000000095f00000, 0x0000000095f00000, 0x0000000096000000|  0%| F|  |TAMS 0x0000000095f00000, 0x0000000095f00000| Untracked 
| 352|0x0000000096000000, 0x0000000096000000, 0x0000000096100000|  0%| F|  |TAMS 0x0000000096000000, 0x0000000096000000| Untracked 
| 353|0x0000000096100000, 0x0000000096100000, 0x0000000096200000|  0%| F|  |TAMS 0x0000000096100000, 0x0000000096100000| Untracked 
| 354|0x0000000096200000, 0x0000000096200000, 0x0000000096300000|  0%| F|  |TAMS 0x0000000096200000, 0x0000000096200000| Untracked 
| 355|0x0000000096300000, 0x0000000096300000, 0x0000000096400000|  0%| F|  |TAMS 0x0000000096300000, 0x0000000096300000| Untracked 
| 356|0x0000000096400000, 0x0000000096400000, 0x0000000096500000|  0%| F|  |TAMS 0x0000000096400000, 0x0000000096400000| Untracked 
| 357|0x0000000096500000, 0x0000000096500000, 0x0000000096600000|  0%| F|  |TAMS 0x0000000096500000, 0x0000000096500000| Untracked 
| 358|0x0000000096600000, 0x0000000096600000, 0x0000000096700000|  0%| F|  |TAMS 0x0000000096600000, 0x0000000096600000| Untracked 
| 359|0x0000000096700000, 0x000000009676a350, 0x0000000096800000| 41%| S|CS|TAMS 0x0000000096700000, 0x0000000096700000| Complete 
| 360|0x0000000096800000, 0x0000000096900000, 0x0000000096900000|100%| S|CS|TAMS 0x0000000096800000, 0x0000000096800000| Complete 
| 361|0x0000000096900000, 0x0000000096900000, 0x0000000096a00000|  0%| F|  |TAMS 0x0000000096900000, 0x0000000096900000| Untracked 
| 362|0x0000000096a00000, 0x0000000096a00000, 0x0000000096b00000|  0%| F|  |TAMS 0x0000000096a00000, 0x0000000096a00000| Untracked 
| 363|0x0000000096b00000, 0x0000000096b00000, 0x0000000096c00000|  0%| F|  |TAMS 0x0000000096b00000, 0x0000000096b00000| Untracked 
| 364|0x0000000096c00000, 0x0000000096c00000, 0x0000000096d00000|  0%| F|  |TAMS 0x0000000096c00000, 0x0000000096c00000| Untracked 
| 365|0x0000000096d00000, 0x0000000096d00000, 0x0000000096e00000|  0%| F|  |TAMS 0x0000000096d00000, 0x0000000096d00000| Untracked 
| 366|0x0000000096e00000, 0x0000000096e00000, 0x0000000096f00000|  0%| F|  |TAMS 0x0000000096e00000, 0x0000000096e00000| Untracked 
| 367|0x0000000096f00000, 0x0000000096f00000, 0x0000000097000000|  0%| F|  |TAMS 0x0000000096f00000, 0x0000000096f00000| Untracked 
| 368|0x0000000097000000, 0x0000000097000000, 0x0000000097100000|  0%| F|  |TAMS 0x0000000097000000, 0x0000000097000000| Untracked 
| 369|0x0000000097100000, 0x0000000097100000, 0x0000000097200000|  0%| F|  |TAMS 0x0000000097100000, 0x0000000097100000| Untracked 
| 370|0x0000000097200000, 0x0000000097200000, 0x0000000097300000|  0%| F|  |TAMS 0x0000000097200000, 0x0000000097200000| Untracked 
| 371|0x0000000097300000, 0x0000000097300000, 0x0000000097400000|  0%| F|  |TAMS 0x0000000097300000, 0x0000000097300000| Untracked 
| 372|0x0000000097400000, 0x0000000097400000, 0x0000000097500000|  0%| F|  |TAMS 0x0000000097400000, 0x0000000097400000| Untracked 
| 373|0x0000000097500000, 0x0000000097500000, 0x0000000097600000|  0%| F|  |TAMS 0x0000000097500000, 0x0000000097500000| Untracked 

Card table byte_map: [0x00000220767a0000,0x0000022076ba0000] _byte_map_base: 0x00000220763a0000

Marking Bits (Prev, Next): (CMBitMap*) 0x0000022070ced028, (CMBitMap*) 0x0000022070ced060
 Prev Bits: [0x0000022076fa0000, 0x0000022078fa0000)
 Next Bits: [0x0000022078fa0000, 0x000002207afa0000)

Polling page: 0x0000022070af0000

Metaspace:

Usage:
  Non-class:    127.95 MB capacity,   125.92 MB ( 98%) used,     1.61 MB (  1%) free+waste,   427.81 KB ( <1%) overhead. 
      Class:     19.21 MB capacity,    17.95 MB ( 93%) used,     1.08 MB (  6%) free+waste,   185.75 KB ( <1%) overhead. 
       Both:    147.16 MB capacity,   143.87 MB ( 98%) used,     2.70 MB (  2%) free+waste,   613.56 KB ( <1%) overhead. 

Virtual space:
  Non-class space:      130.00 MB reserved,     128.17 MB ( 99%) committed 
      Class space:        1.00 GB reserved,      19.25 MB (  2%) committed 
             Both:        1.13 GB reserved,     147.42 MB ( 13%) committed 

Chunk freelists:
   Non-Class:  32.00 KB
       Class:  0 bytes
        Both:  32.00 KB

MaxMetaspaceSize: 17179869184.00 GB
CompressedClassSpaceSize: 1.00 GB
Initial GC threshold: 20.80 MB
Current GC threshold: 244.87 MB
CDS: off

CodeHeap 'non-profiled nmethods': size=120064Kb used=12786Kb max_used=13358Kb free=107277Kb
 bounds [0x0000022007ac0000, 0x00000220087d0000, 0x000002200f000000]
CodeHeap 'profiled nmethods': size=120000Kb used=40595Kb max_used=42731Kb free=79405Kb
 bounds [0x0000022000590000, 0x0000022002f50000, 0x0000022007ac0000]
CodeHeap 'non-nmethods': size=5696Kb used=2518Kb max_used=2583Kb free=3178Kb
 bounds [0x0000022000000000, 0x00000220002a0000, 0x0000022000590000]
 total_blobs=19147 nmethods=18086 adapters=972
 compilation: enabled
              stopped_count=0, restarted_count=0
 full_count=0

Compilation events (20 events):
Event: 4884.167 Thread 0x000002207db83000 nmethod 19691 0x0000022007b86890 code [0x0000022007b86a20, 0x0000022007b86a98]
Event: 4884.167 Thread 0x000002207db83000 19705       4       com.android.tools.r8.code.T1::M (4 bytes)
Event: 4884.167 Thread 0x000002207db83000 nmethod 19705 0x0000022007b86510 code [0x0000022007b866a0, 0x0000022007b86718]
Event: 4884.167 Thread 0x000002207db83000 19723       4       com.android.tools.r8.code.K0::a (1 bytes)
Event: 4884.167 Thread 0x000002207db83000 nmethod 19723 0x0000022007e69c90 code [0x0000022007e69e20, 0x0000022007e69e78]
Event: 4884.167 Thread 0x000002207db83000 19699       4       com.android.tools.r8.naming.O::c (5 bytes)
Event: 4884.167 Thread 0x000002207db83000 nmethod 19699 0x0000022007e69910 code [0x0000022007e69aa0, 0x0000022007e69b18]
Event: 4884.189 Thread 0x000002207db83000 19724       4       com.android.tools.r8.graph.a0$a::n0 (2 bytes)
Event: 4884.190 Thread 0x000002207db83000 nmethod 19724 0x0000022007e2ee90 code [0x0000022007e2f020, 0x0000022007e2f078]
Event: 4884.190 Thread 0x000002207db83000 19725       4       com.android.tools.r8.internal.t3$$Lambda$1707/0x0000000101297840::apply (9 bytes)
Event: 4884.191 Thread 0x000002207db83000 nmethod 19725 0x0000022007e2ea10 code [0x0000022007e2ebc0, 0x0000022007e2ecb8]
Event: 4884.191 Thread 0x000002207db83000 19727       4       com.android.tools.r8.graph.a0$$Lambda$1706/0x0000000101290c40::test (8 bytes)
Event: 4884.193 Thread 0x000002207db83000 nmethod 19727 0x0000022007f28e10 code [0x0000022007f28fa0, 0x0000022007f29058]
Event: 4884.193 Thread 0x000002207db83000 19729       4       com.android.tools.r8.internal.k30::a (36 bytes)
Event: 4884.194 Thread 0x000002207db83000 nmethod 19729 0x0000022007f28a10 code [0x0000022007f28ba0, 0x0000022007f28c18]
Event: 4884.194 Thread 0x000002207db83000 19726       4       com.android.tools.r8.internal.k30::a (33 bytes)
Event: 4884.194 Thread 0x000002207db88800 19730       3       com.android.tools.r8.graph.S::o0 (5 bytes)
Event: 4884.194 Thread 0x000002207db88800 nmethod 19730 0x0000022000da1810 code [0x0000022000da19c0, 0x0000022000da1bb8]
Event: 4884.194 Thread 0x000002207db88800 19731       3       com.android.tools.r8.code.m2::a (1 bytes)
Event: 4884.194 Thread 0x000002207db88800 nmethod 19731 0x00000220011ee410 code [0x00000220011ee5c0, 0x00000220011ee6b8]

GC Heap History (20 events):
Event: 4867.877 GC heap after
{Heap after GC invocations=147 (full 0):
 garbage-first heap   total 318464K, used 190339K [0x0000000080000000, 0x0000000100000000)
  region size 1024K, 3 young (3072K), 3 survivors (3072K)
 Metaspace       used 140324K, capacity 143281K, committed 143536K, reserved 1175552K
  class space    used 17268K, capacity 18378K, committed 18432K, reserved 1048576K
}
Event: 4872.707 GC heap before
{Heap before GC invocations=148 (full 0):
 garbage-first heap   total 318464K, used 277379K [0x0000000080000000, 0x0000000100000000)
  region size 1024K, 53 young (54272K), 3 survivors (3072K)
 Metaspace       used 145200K, capacity 148385K, committed 148528K, reserved 1179648K
  class space    used 18035K, capacity 19227K, committed 19328K, reserved 1048576K
}
Event: 4872.745 GC heap after
{Heap after GC invocations=149 (full 0):
 garbage-first heap   total 318464K, used 220698K [0x0000000080000000, 0x0000000100000000)
  region size 1024K, 7 young (7168K), 7 survivors (7168K)
 Metaspace       used 145200K, capacity 148385K, committed 148528K, reserved 1179648K
  class space    used 18035K, capacity 19227K, committed 19328K, reserved 1048576K
}
Event: 4872.811 GC heap before
{Heap before GC invocations=149 (full 0):
 garbage-first heap   total 318464K, used 227866K [0x0000000080000000, 0x0000000100000000)
  region size 1024K, 15 young (15360K), 7 survivors (7168K)
 Metaspace       used 145201K, capacity 148385K, committed 148528K, reserved 1179648K
  class space    used 18035K, capacity 19227K, committed 19328K, reserved 1048576K
}
Event: 4872.873 GC heap after
{Heap after GC invocations=150 (full 0):
 garbage-first heap   total 318464K, used 217727K [0x0000000080000000, 0x0000000100000000)
  region size 1024K, 2 young (2048K), 2 survivors (2048K)
 Metaspace       used 145201K, capacity 148385K, committed 148528K, reserved 1179648K
  class space    used 18035K, capacity 19227K, committed 19328K, reserved 1048576K
}
Event: 4873.014 GC heap before
{Heap before GC invocations=150 (full 0):
 garbage-first heap   total 318464K, used 228991K [0x0000000080000000, 0x0000000100000000)
  region size 1024K, 14 young (14336K), 2 survivors (2048K)
 Metaspace       used 145201K, capacity 148385K, committed 148528K, reserved 1179648K
  class space    used 18035K, capacity 19227K, committed 19328K, reserved 1048576K
}
Event: 4873.052 GC heap after
{Heap after GC invocations=151 (full 0):
 garbage-first heap   total 318464K, used 222720K [0x0000000080000000, 0x0000000100000000)
  region size 1024K, 5 young (5120K), 5 survivors (5120K)
 Metaspace       used 145201K, capacity 148385K, committed 148528K, reserved 1179648K
  class space    used 18035K, capacity 19227K, committed 19328K, reserved 1048576K
}
Event: 4875.028 GC heap before
{Heap before GC invocations=152 (full 0):
 garbage-first heap   total 318464K, used 252416K [0x0000000080000000, 0x0000000100000000)
  region size 1024K, 33 young (33792K), 5 survivors (5120K)
 Metaspace       used 146461K, capacity 149710K, committed 149808K, reserved 1179648K
  class space    used 18289K, capacity 19516K, committed 19584K, reserved 1048576K
}
Event: 4875.113 GC heap after
{Heap after GC invocations=153 (full 0):
 garbage-first heap   total 318464K, used 235820K [0x0000000080000000, 0x0000000100000000)
  region size 1024K, 5 young (5120K), 5 survivors (5120K)
 Metaspace       used 146461K, capacity 149710K, committed 149808K, reserved 1179648K
  class space    used 18289K, capacity 19516K, committed 19584K, reserved 1048576K
}
Event: 4875.604 GC heap before
{Heap before GC invocations=153 (full 0):
 garbage-first heap   total 318464K, used 246060K [0x0000000080000000, 0x0000000100000000)
  region size 1024K, 15 young (15360K), 5 survivors (5120K)
 Metaspace       used 146476K, capacity 149712K, committed 149808K, reserved 1179648K
  class space    used 18289K, capacity 19516K, committed 19584K, reserved 1048576K
}
Event: 4875.661 GC heap after
{Heap after GC invocations=154 (full 0):
 garbage-first heap   total 318464K, used 240640K [0x0000000080000000, 0x0000000100000000)
  region size 1024K, 2 young (2048K), 2 survivors (2048K)
 Metaspace       used 146476K, capacity 149712K, committed 149808K, reserved 1179648K
  class space    used 18289K, capacity 19516K, committed 19584K, reserved 1048576K
}
Event: 4876.094 GC heap before
{Heap before GC invocations=154 (full 0):
 garbage-first heap   total 318464K, used 260096K [0x0000000080000000, 0x0000000100000000)
  region size 1024K, 22 young (22528K), 2 survivors (2048K)
 Metaspace       used 146510K, capacity 149717K, committed 149808K, reserved 1179648K
  class space    used 18289K, capacity 19517K, committed 19584K, reserved 1048576K
}
Event: 4876.159 GC heap after
{Heap after GC invocations=155 (full 0):
 garbage-first heap   total 382976K, used 251008K [0x0000000080000000, 0x0000000100000000)
  region size 1024K, 3 young (3072K), 3 survivors (3072K)
 Metaspace       used 146510K, capacity 149717K, committed 149808K, reserved 1179648K
  class space    used 18289K, capacity 19517K, committed 19584K, reserved 1048576K
}
Event: 4879.803 GC heap before
{Heap before GC invocations=156 (full 0):
 garbage-first heap   total 382976K, used 287872K [0x0000000080000000, 0x0000000100000000)
  region size 1024K, 39 young (39936K), 3 survivors (3072K)
 Metaspace       used 146505K, capacity 149704K, committed 149808K, reserved 1179648K
  class space    used 18286K, capacity 19511K, committed 19584K, reserved 1048576K
}
Event: 4879.873 GC heap after
{Heap after GC invocations=157 (full 0):
 garbage-first heap   total 382976K, used 269824K [0x0000000080000000, 0x0000000100000000)
  region size 1024K, 5 young (5120K), 5 survivors (5120K)
 Metaspace       used 146505K, capacity 149704K, committed 149808K, reserved 1179648K
  class space    used 18286K, capacity 19511K, committed 19584K, reserved 1048576K
}
Event: 4881.252 GC heap before
{Heap before GC invocations=157 (full 0):
 garbage-first heap   total 382976K, used 299520K [0x0000000080000000, 0x0000000100000000)
  region size 1024K, 35 young (35840K), 5 survivors (5120K)
 Metaspace       used 146794K, capacity 150057K, committed 150320K, reserved 1179648K
  class space    used 18310K, capacity 19556K, committed 19584K, reserved 1048576K
}
Event: 4881.304 GC heap after
{Heap after GC invocations=158 (full 0):
 garbage-first heap   total 382976K, used 278528K [0x0000000080000000, 0x0000000100000000)
  region size 1024K, 5 young (5120K), 5 survivors (5120K)
 Metaspace       used 146794K, capacity 150057K, committed 150320K, reserved 1179648K
  class space    used 18310K, capacity 19556K, committed 19584K, reserved 1048576K
}
Event: 4883.547 GC heap before
{Heap before GC invocations=159 (full 0):
 garbage-first heap   total 382976K, used 292864K [0x0000000080000000, 0x0000000100000000)
  region size 1024K, 34 young (34816K), 5 survivors (5120K)
 Metaspace       used 147195K, capacity 150529K, committed 150704K, reserved 1179648K
  class space    used 18372K, capacity 19665K, committed 19712K, reserved 1048576K
}
Event: 4883.605 GC heap after
{Heap after GC invocations=160 (full 0):
 garbage-first heap   total 382976K, used 268912K [0x0000000080000000, 0x0000000100000000)
  region size 1024K, 5 young (5120K), 5 survivors (5120K)
 Metaspace       used 147195K, capacity 150529K, committed 150704K, reserved 1179648K
  class space    used 18372K, capacity 19665K, committed 19712K, reserved 1048576K
}
Event: 4884.201 GC heap before
{Heap before GC invocations=160 (full 0):
 garbage-first heap   total 382976K, used 281200K [0x0000000080000000, 0x0000000100000000)
  region size 1024K, 18 young (18432K), 5 survivors (5120K)
 Metaspace       used 147320K, capacity 150694K, committed 150960K, reserved 1181696K
  class space    used 18376K, capacity 19670K, committed 19712K, reserved 1048576K
}

Deoptimization events (20 events):
Event: 4883.690 Thread 0x0000022011071800 Uncommon trap: trap_request=0xffffffde fr.pc=0x0000022007b07c80 relative=0x0000000000000060
Event: 4883.690 Thread 0x0000022011071800 Uncommon trap: reason=class_check action=maybe_recompile pc=0x0000022007b07c80 method=com.android.tools.r8.internal.aN.test(Ljava/lang/Object;)Z @ 2 c2
Event: 4883.690 Thread 0x0000022011071800 DEOPT PACKING pc=0x0000022007b07c80 sp=0x00000092585fd8b0
Event: 4883.690 Thread 0x0000022011071800 DEOPT UNPACKING pc=0x000002200004a1af sp=0x00000092585fd848 mode 2
Event: 4883.690 Thread 0x0000022011071800 Uncommon trap: trap_request=0xffffffde fr.pc=0x0000022007b07c80 relative=0x0000000000000060
Event: 4883.690 Thread 0x0000022011071800 Uncommon trap: reason=class_check action=maybe_recompile pc=0x0000022007b07c80 method=com.android.tools.r8.internal.aN.test(Ljava/lang/Object;)Z @ 2 c2
Event: 4883.690 Thread 0x0000022011071800 DEOPT PACKING pc=0x0000022007b07c80 sp=0x00000092585fd8b0
Event: 4883.690 Thread 0x0000022011071800 DEOPT UNPACKING pc=0x000002200004a1af sp=0x00000092585fd848 mode 2
Event: 4883.690 Thread 0x0000022011071800 Uncommon trap: trap_request=0xffffffde fr.pc=0x0000022007b07c80 relative=0x0000000000000060
Event: 4883.690 Thread 0x0000022011071800 Uncommon trap: reason=class_check action=maybe_recompile pc=0x0000022007b07c80 method=com.android.tools.r8.internal.aN.test(Ljava/lang/Object;)Z @ 2 c2
Event: 4883.690 Thread 0x0000022011071800 DEOPT PACKING pc=0x0000022007b07c80 sp=0x00000092585fd8b0
Event: 4883.690 Thread 0x0000022011071800 DEOPT UNPACKING pc=0x000002200004a1af sp=0x00000092585fd848 mode 2
Event: 4883.834 Thread 0x0000022011071800 DEOPT PACKING pc=0x0000022001217af7 sp=0x00000092585fd600
Event: 4883.834 Thread 0x0000022011071800 DEOPT UNPACKING pc=0x000002200004a95e sp=0x00000092585fcae8 mode 0
Event: 4883.849 Thread 0x0000022011071800 DEOPT PACKING pc=0x0000022001209300 sp=0x00000092585fd570
Event: 4883.849 Thread 0x0000022011071800 DEOPT UNPACKING pc=0x000002200004a95e sp=0x00000092585fca60 mode 0
Event: 4884.151 Thread 0x0000022011071800 Uncommon trap: trap_request=0xffffffe4 fr.pc=0x0000022007c63e50 relative=0x0000000000000290
Event: 4884.151 Thread 0x0000022011071800 Uncommon trap: reason=range_check action=make_not_entrant pc=0x0000022007c63e50 method=com.android.tools.r8.graph.a1.a(Lcom/android/tools/r8/graph/a1;)I @ 9 c2
Event: 4884.151 Thread 0x0000022011071800 DEOPT PACKING pc=0x0000022007c63e50 sp=0x00000092585fd3c0
Event: 4884.151 Thread 0x0000022011071800 DEOPT UNPACKING pc=0x000002200004a1af sp=0x00000092585fd338 mode 2

Classes redefined (0 events):
No events

Internal exceptions (20 events):
Event: 4865.986 Thread 0x0000022011076800 Exception <a 'java/lang/NoSuchMethodError'{0x000000009223e960}: 'java.lang.Object java.lang.invoke.DirectMethodHandle$Holder.invokeStatic(java.lang.Object, java.lang.Object, long)'> (0x000000009223e960) thrown at [./src/hotspot/share/interpreter/linkResolver.cpp, line 773]
Event: 4866.000 Thread 0x0000022011076800 Exception <a 'java/lang/NoSuchMethodError'{0x0000000092244ed8}: 'java.lang.Object java.lang.invoke.Invokers$Holder.linkToTargetMethod(java.lang.Object, long, java.lang.Object)'> (0x0000000092244ed8) thrown at [./src/hotspot/share/interpreter/linkResolver.cpp, line 773]
Event: 4866.244 Thread 0x000002207e041000 Exception <a 'sun/nio/fs/WindowsException'{0x0000000091f89c40}> (0x0000000091f89c40) thrown at [./src/hotspot/share/prims/jni.cpp, line 616]
Event: 4866.422 Thread 0x000002207e041000 Exception <a 'java/lang/NoSuchMethodError'{0x0000000091dc8b78}: 'java.lang.Object java.lang.invoke.DirectMethodHandle$Holder.newInvokeSpecial(java.lang.Object, int)'> (0x0000000091dc8b78) thrown at [./src/hotspot/share/interpreter/linkResolver.cpp, line 773]
Event: 4866.699 Thread 0x000002207e041000 Exception <a 'java/lang/NoSuchMethodError'{0x00000000917b0658}: 'java.lang.Object java.lang.invoke.DirectMethodHandle$Holder.invokeStaticInit(java.lang.Object, java.lang.Object, java.lang.Object, java.lang.Object, java.lang.Object, java.lang.Object, java.lang.Object, java.lang.Object, java.lang.Object, java.lang.Object, java.lang.Object, java.lang.Object, java.lang.Object, java.lang.Object, java.lang.Object, java.lang.Object, java.lang.Object, java.lang.Object, int, java.lang.Object, java.lang.Object)'> (0
Event: 4866.738 Thread 0x000002207e041000 Exception <a 'java/lang/IncompatibleClassChangeError'{0x00000000916e6058}: Found class java.lang.Object, but interface was expected> (0x00000000916e6058) thrown at [./src/hotspot/share/interpreter/linkResolver.cpp, line 839]
Event: 4866.993 Thread 0x000002207e041000 Exception <a 'java/lang/NoSuchMethodError'{0x0000000090e8d020}: 'void java.lang.invoke.DirectMethodHandle$Holder.invokeStatic(java.lang.Object, java.lang.Object, java.lang.Object, int)'> (0x0000000090e8d020) thrown at [./src/hotspot/share/interpreter/linkResolver.cpp, line 773]
Event: 4866.996 Thread 0x000002207e041000 Exception <a 'java/lang/IncompatibleClassChangeError'{0x0000000090e97738}: Found class java.lang.Object, but interface was expected> (0x0000000090e97738) thrown at [./src/hotspot/share/interpreter/linkResolver.cpp, line 839]
Event: 4867.280 Thread 0x000002207e041000 Exception <a 'java/lang/NoSuchMethodError'{0x00000000908507f8}: 'java.lang.Object java.lang.invoke.DirectMethodHandle$Holder.invokeStatic(java.lang.Object, int, java.lang.Object, java.lang.Object)'> (0x00000000908507f8) thrown at [./src/hotspot/share/interpreter/linkResolver.cpp, line 773]
Event: 4868.757 Thread 0x000002207e041000 Exception <a 'java/lang/IncompatibleClassChangeError'{0x00000000934d1ea0}: Found class java.lang.Object, but interface was expected> (0x00000000934d1ea0) thrown at [./src/hotspot/share/interpreter/linkResolver.cpp, line 839]
Event: 4868.762 Thread 0x000002207e041000 Exception <a 'java/lang/IncompatibleClassChangeError'{0x00000000934dada0}: Found class java.lang.Object, but interface was expected> (0x00000000934dada0) thrown at [./src/hotspot/share/interpreter/linkResolver.cpp, line 839]
Event: 4868.871 Thread 0x000002207e041000 Exception <a 'java/lang/NoSuchMethodError'{0x00000000931d16e0}: 'void java.lang.invoke.DirectMethodHandle$Holder.invokeSpecial(java.lang.Object, java.lang.Object, int, java.lang.Object)'> (0x00000000931d16e0) thrown at [./src/hotspot/share/interpreter/linkResolver.cpp, line 773]
Event: 4869.199 Thread 0x000002207e041000 Exception <a 'java/lang/NoSuchMethodError'{0x000000009281fa10}: 'java.lang.Object java.lang.invoke.Invokers$Holder.linkToTargetMethod(java.lang.Object, int, java.lang.Object, java.lang.Object, java.lang.Object, java.lang.Object)'> (0x000000009281fa10) thrown at [./src/hotspot/share/interpreter/linkResolver.cpp, line 773]
Event: 4869.262 Thread 0x000002207e041000 Exception <a 'java/lang/NoSuchMethodError'{0x0000000092840b68}: 'void java.lang.invoke.DirectMethodHandle$Holder.invokeStatic(java.lang.Object, java.lang.Object, java.lang.Object, java.lang.Object, java.lang.Object, java.lang.Object, java.lang.Object, java.lang.Object)'> (0x0000000092840b68) thrown at [./src/hotspot/share/interpreter/linkResolver.cpp, line 773]
Event: 4869.457 Thread 0x000002207e041000 Exception <a 'java/lang/IncompatibleClassChangeError'{0x00000000925500d8}: Found class java.lang.Object, but interface was expected> (0x00000000925500d8) thrown at [./src/hotspot/share/interpreter/linkResolver.cpp, line 839]
Event: 4869.520 Thread 0x000002207e041000 Exception <a 'java/lang/NoSuchMethodError'{0x00000000924d67b0}: 'void java.lang.invoke.DirectMethodHandle$Holder.invokeSpecial(java.lang.Object, java.lang.Object, int)'> (0x00000000924d67b0) thrown at [./src/hotspot/share/interpreter/linkResolver.cpp, line 773]
Event: 4869.573 Thread 0x000002207e041000 Exception <a 'sun/nio/fs/WindowsException'{0x0000000092369488}> (0x0000000092369488) thrown at [./src/hotspot/share/prims/jni.cpp, line 616]
Event: 4872.101 Thread 0x0000022011071800 Exception <a 'sun/nio/fs/WindowsException'{0x0000000091919ab8}> (0x0000000091919ab8) thrown at [./src/hotspot/share/prims/jni.cpp, line 616]
Event: 4881.244 Thread 0x0000022011071800 Exception <a 'java/lang/IncompatibleClassChangeError'{0x00000000958f6f80}: Found class java.lang.Object, but interface was expected> (0x00000000958f6f80) thrown at [./src/hotspot/share/interpreter/linkResolver.cpp, line 839]
Event: 4882.975 Thread 0x0000022011071800 Implicit null exception at 0x000002200879027b to 0x0000022008791154

Events (20 events):
Event: 4883.952 loading class com/android/tools/r8/graph/h2 done
Event: 4883.952 loading class com/android/tools/r8/graph/m2
Event: 4883.952 loading class com/android/tools/r8/graph/m2 done
Event: 4883.960 loading class com/android/tools/r8/graph/e2
Event: 4883.960 loading class com/android/tools/r8/graph/e2 done
Event: 4883.960 loading class com/android/tools/r8/graph/g2
Event: 4883.960 loading class com/android/tools/r8/graph/g2 done
Event: 4883.960 loading class com/android/tools/r8/graph/m2
Event: 4883.960 loading class com/android/tools/r8/graph/m2 done
Event: 4883.960 loading class com/android/tools/r8/graph/b1
Event: 4883.960 loading class com/android/tools/r8/graph/b1 done
Event: 4883.960 loading class com/android/tools/r8/graph/b1
Event: 4883.960 loading class com/android/tools/r8/graph/b1 done
Event: 4883.960 loading class com/android/tools/r8/graph/X2
Event: 4883.960 loading class com/android/tools/r8/graph/X2 done
Event: 4883.961 loading class com/android/tools/r8/graph/X2
Event: 4883.961 loading class com/android/tools/r8/graph/X2 done
Event: 4884.192 Executing VM operation: ICBufferFull
Event: 4884.192 Executing VM operation: ICBufferFull done
Event: 4884.199 Executing VM operation: G1CollectForAllocation


Dynamic libraries:
0x00007ff6c3ce0000 - 0x00007ff6c3cea000 	C:\Program Files\Android\Android Studio\jre\bin\java.exe
0x00007ff873c50000 - 0x00007ff873e48000 	C:\Windows\SYSTEM32\ntdll.dll
0x00007ff872d70000 - 0x00007ff872e2f000 	C:\Windows\System32\KERNEL32.DLL
0x00007ff871780000 - 0x00007ff871a76000 	C:\Windows\System32\KERNELBASE.dll
0x00007ff871680000 - 0x00007ff871780000 	C:\Windows\System32\ucrtbase.dll
0x00007ff866350000 - 0x00007ff866369000 	C:\Program Files\Android\Android Studio\jre\bin\jli.dll
0x00007ff866310000 - 0x00007ff866327000 	C:\Program Files\Android\Android Studio\jre\bin\VCRUNTIME140.dll
0x00007ff872a60000 - 0x00007ff872bfd000 	C:\Windows\System32\USER32.dll
0x00007ff871b20000 - 0x00007ff871b42000 	C:\Windows\System32\win32u.dll
0x00007ff872e30000 - 0x00007ff872e5c000 	C:\Windows\System32\GDI32.dll
0x00007ff871560000 - 0x00007ff871675000 	C:\Windows\System32\gdi32full.dll
0x00007ff860f00000 - 0x00007ff86119a000 	C:\Windows\WinSxS\amd64_microsoft.windows.common-controls_6595b64144ccf1df_6.0.19041.1110_none_60b5254171f9507e\COMCTL32.dll
0x00007ff871a80000 - 0x00007ff871b1d000 	C:\Windows\System32\msvcp_win.dll
0x00007ff872cd0000 - 0x00007ff872d6e000 	C:\Windows\System32\msvcrt.dll
0x00007ff873ab0000 - 0x00007ff873ae0000 	C:\Windows\System32\IMM32.DLL
0x00007ff850c90000 - 0x00007ff850d2d000 	C:\Program Files\Android\Android Studio\jre\bin\msvcp140.dll
0x00007ff807100000 - 0x00007ff807c02000 	C:\Program Files\Android\Android Studio\jre\bin\server\jvm.dll
0x00007ff873010000 - 0x00007ff8730bf000 	C:\Windows\System32\ADVAPI32.dll
0x00007ff872220000 - 0x00007ff8722bc000 	C:\Windows\System32\sechost.dll
0x00007ff873ae0000 - 0x00007ff873c06000 	C:\Windows\System32\RPCRT4.dll
0x00007ff8731a0000 - 0x00007ff8731a8000 	C:\Windows\System32\PSAPI.DLL
0x00007ff869330000 - 0x00007ff869357000 	C:\Windows\SYSTEM32\WINMM.dll
0x00007ff85b140000 - 0x00007ff85b149000 	C:\Windows\SYSTEM32\WSOCK32.dll
0x00007ff872e70000 - 0x00007ff872edb000 	C:\Windows\System32\WS2_32.dll
0x00007ff869360000 - 0x00007ff86936a000 	C:\Windows\SYSTEM32\VERSION.dll
0x00007ff86f280000 - 0x00007ff86f292000 	C:\Windows\SYSTEM32\kernel.appcore.dll
0x00007ff86b850000 - 0x00007ff86b861000 	C:\Program Files\Android\Android Studio\jre\bin\verify.dll
0x00007ff86f070000 - 0x00007ff86f254000 	C:\Windows\SYSTEM32\DBGHELP.DLL
0x00007ff85b3f0000 - 0x00007ff85b424000 	C:\Windows\SYSTEM32\dbgcore.DLL
0x00007ff8714d0000 - 0x00007ff871552000 	C:\Windows\System32\bcryptPrimitives.dll
0x00007ff8645f0000 - 0x00007ff864619000 	C:\Program Files\Android\Android Studio\jre\bin\java.dll
0x00007ff86e740000 - 0x00007ff86e74b000 	C:\Program Files\Android\Android Studio\jre\bin\jimage.dll
0x00007ff866540000 - 0x00007ff866558000 	C:\Program Files\Android\Android Studio\jre\bin\zip.dll
0x00007ff873360000 - 0x00007ff873aa4000 	C:\Windows\System32\SHELL32.dll
0x00007ff86f3f0000 - 0x00007ff86fb83000 	C:\Windows\SYSTEM32\windows.storage.dll
0x00007ff871cb0000 - 0x00007ff872004000 	C:\Windows\System32\combase.dll
0x00007ff870cb0000 - 0x00007ff870cde000 	C:\Windows\SYSTEM32\Wldp.dll
0x00007ff872f40000 - 0x00007ff872fed000 	C:\Windows\System32\SHCORE.dll
0x00007ff872c70000 - 0x00007ff872cc5000 	C:\Windows\System32\shlwapi.dll
0x00007ff871270000 - 0x00007ff87128f000 	C:\Windows\SYSTEM32\profapi.dll
0x00007ff86ba50000 - 0x00007ff86ba6a000 	C:\Program Files\Android\Android Studio\jre\bin\net.dll
0x00007ff865a60000 - 0x00007ff865b6a000 	C:\Windows\SYSTEM32\WINHTTP.dll
0x00007ff870a10000 - 0x00007ff870a7a000 	C:\Windows\system32\mswsock.dll
0x00007ff86ba30000 - 0x00007ff86ba44000 	C:\Program Files\Android\Android Studio\jre\bin\nio.dll
0x00007ff866b60000 - 0x00007ff866b87000 	C:\Users\LENOVO\.gradle\native\e1d6ef7f7dcc3fd88c89a11ec53ec762bb8ba0a96d01ffa2cd45eb1d1d8dd5c5\windows-amd64\native-platform.dll
0x00007ff850b40000 - 0x00007ff850c84000 	C:\Users\LENOVO\.gradle\native\0d407fdbe67a94daf76414ababcb853783967236a71b16ec16e742cd7a986fd3\windows-amd64\native-platform-file-events.dll
0x00007ff86dc60000 - 0x00007ff86dc6a000 	C:\Program Files\Android\Android Studio\jre\bin\management.dll
0x00007ff86c620000 - 0x00007ff86c62d000 	C:\Program Files\Android\Android Studio\jre\bin\management_ext.dll
0x00007ff870c10000 - 0x00007ff870c28000 	C:\Windows\SYSTEM32\CRYPTSP.dll
0x00007ff870330000 - 0x00007ff870364000 	C:\Windows\system32\rsaenh.dll
0x00007ff8713a0000 - 0x00007ff8713c7000 	C:\Windows\System32\bcrypt.dll
0x00007ff871230000 - 0x00007ff87125e000 	C:\Windows\SYSTEM32\USERENV.dll
0x00007ff870c00000 - 0x00007ff870c0c000 	C:\Windows\SYSTEM32\CRYPTBASE.dll
0x00007ff870700000 - 0x00007ff87073c000 	C:\Windows\SYSTEM32\IPHLPAPI.DLL
0x00007ff872c00000 - 0x00007ff872c08000 	C:\Windows\System32\NSI.dll
0x00007ff866740000 - 0x00007ff866757000 	C:\Windows\SYSTEM32\dhcpcsvc6.DLL
0x00007ff865be0000 - 0x00007ff865bfd000 	C:\Windows\SYSTEM32\dhcpcsvc.DLL
0x00007ff870740000 - 0x00007ff87080b000 	C:\Windows\SYSTEM32\DNSAPI.dll
0x00007ff860c60000 - 0x00007ff860c87000 	C:\Program Files\Android\Android Studio\jre\bin\sunec.dll
0x0000000059cb0000 - 0x0000000059cd6000 	C:\Program Files\Bonjour\mdnsNSP.dll
0x00007ff869f50000 - 0x00007ff869f5a000 	C:\Windows\System32\rasadhlp.dll
0x00007ff861270000 - 0x00007ff8612f2000 	C:\Windows\System32\fwpuclnt.dll
0x00007ff870450000 - 0x00007ff870483000 	C:\Windows\SYSTEM32\ntmarta.dll

dbghelp: loaded successfully - version: 4.0.5 - missing functions: none
symbol engine: initialized successfully - sym options: 0x614 - pdb path: .;C:\Program Files\Android\Android Studio\jre\bin;C:\Windows\SYSTEM32;C:\Windows\WinSxS\amd64_microsoft.windows.common-controls_6595b64144ccf1df_6.0.19041.1110_none_60b5254171f9507e;C:\Program Files\Android\Android Studio\jre\bin\server;C:\Users\LENOVO\.gradle\native\e1d6ef7f7dcc3fd88c89a11ec53ec762bb8ba0a96d01ffa2cd45eb1d1d8dd5c5\windows-amd64;C:\Users\LENOVO\.gradle\native\0d407fdbe67a94daf76414ababcb853783967236a71b16ec16e742cd7a986fd3\windows-amd64;C:\Program Files\Bonjour

VM Arguments:
jvm_args: --add-opens=java.base/java.util=ALL-UNNAMED --add-opens=java.base/java.lang=ALL-UNNAMED --add-opens=java.base/java.lang.invoke=ALL-UNNAMED --add-opens=java.base/java.util=ALL-UNNAMED --add-opens=java.prefs/java.util.prefs=ALL-UNNAMED --add-opens=java.prefs/java.util.prefs=ALL-UNNAMED --add-opens=java.base/java.nio.charset=ALL-UNNAMED --add-opens=java.base/java.net=ALL-UNNAMED --add-opens=java.base/java.util.concurrent.atomic=ALL-UNNAMED -Xmx2048m -Dfile.encoding=UTF-8 -Duser.country=ID -Duser.language=en -Duser.variant 
java_command: org.gradle.launcher.daemon.bootstrap.GradleDaemon 7.4
java_class_path (initial): C:\Users\LENOVO\.gradle\wrapper\dists\gradle-7.4-bin\c0gwcg53nkjbqw7r0h0umtfvt\gradle-7.4\lib\gradle-launcher-7.4.jar
Launcher Type: SUN_STANDARD

[Global flags]
     intx CICompilerCount                          = 2                                         {product} {ergonomic}
     uint ConcGCThreads                            = 1                                         {product} {ergonomic}
     uint G1ConcRefinementThreads                  = 2                                         {product} {ergonomic}
   size_t G1HeapRegionSize                         = 1048576                                   {product} {ergonomic}
    uintx GCDrainStackTargetSize                   = 64                                        {product} {ergonomic}
   size_t InitialHeapSize                          = 58720256                                  {product} {ergonomic}
   size_t MarkStackSize                            = 4194304                                   {product} {ergonomic}
   size_t MaxHeapSize                              = 2147483648                                {product} {command line}
   size_t MaxNewSize                               = 1287651328                                {product} {ergonomic}
   size_t MinHeapDeltaBytes                        = 1048576                                   {product} {ergonomic}
    uintx NonNMethodCodeHeapSize                   = 5825164                                {pd product} {ergonomic}
    uintx NonProfiledCodeHeapSize                  = 122916538                              {pd product} {ergonomic}
    uintx ProfiledCodeHeapSize                     = 122916538                              {pd product} {ergonomic}
    uintx ReservedCodeCacheSize                    = 251658240                              {pd product} {ergonomic}
     bool SegmentedCodeCache                       = true                                      {product} {ergonomic}
     bool UseCompressedClassPointers               = true                                 {lp64_product} {ergonomic}
     bool UseCompressedOops                        = true                                 {lp64_product} {ergonomic}
     bool UseG1GC                                  = true                                      {product} {ergonomic}
     bool UseLargePagesIndividualAllocation        = false                                  {pd product} {ergonomic}

Logging:
Log output configuration:
 #0: stdout all=warning uptime,level,tags
 #1: stderr all=off uptime,level,tags

Environment Variables:
PATH=C:\ProgramData\Oracle\Java\javapath;C:\Windows\system32;C:\Windows;C:\Windows\System32\Wbem;C:\Windows\System32\WindowsPowerShell\v1.0\;C:\Windows\System32\OpenSSH\;C:\Program Files (x86)\Microsoft SQL Server\100\Tools\Binn\;C:\Program Files\Microsoft SQL Server\100\Tools\Binn\;C:\Program Files\Microsoft SQL Server\100\DTS\Binn\;C:\Program Files (x86)\Microsoft SQL Server\100\Tools\Binn\VSShell\Common7\IDE\;C:\Program Files (x86)\Microsoft SQL Server\100\DTS\Binn\;C:\Program Files (x86)\Microsoft Visual Studio 9.0\Common7\IDE\PrivateAssemblies\;C:\Program Files\IBM\SPSS\Statistics\24\JRE\bin;C:\Program Files\Git\cmd;C:\Users\LENOVO\AppData\Local\Programs\Python\Python39\Scripts\;C:\Users\LENOVO\AppData\Local\Programs\Python\Python39\;C:\Users\LENOVO\AppData\Local\Microsoft\WindowsApps;;C:\Users\LENOVO\AppData\Local\Programs\Microsoft VS Code\bin
USERNAME=LENOVO
OS=Windows_NT
PROCESSOR_IDENTIFIER=AMD64 Family 23 Model 32 Stepping 1, AuthenticAMD



---------------  S Y S T E M  ---------------

OS: Windows 10 , 64 bit Build 19041 (10.0.19041.2913)
OS uptime: 0 days 20:03 hours

CPU:total 2 (initial active 2) (2 cores per cpu, 1 threads per core) family 23 model 32 stepping 1 microcode 0x0, cmov, cx8, fxsr, mmx, sse, sse2, sse3, ssse3, sse4.1, sse4.2, popcnt, avx, avx2, aes, clmul, mmxext, 3dnowpref, lzcnt, sse4a, tsc, tscinvbit, tscinv, bmi1, bmi2, adx, sha, fma

Memory: 4k page, system-wide physical 3460M (259M free)
TotalPageFile size 13021M (AvailPageFile size 47M)
current process WorkingSet (physical memory assigned to process): 529M, peak: 563M
current process commit charge ("private bytes"): 761M, peak: 828M

vm_info: OpenJDK 64-Bit Server VM (11.0.13+0-b1751.21-8125866) for windows-amd64 JRE (11.0.13+0-b1751.21-8125866), built on Feb  2 2022 03:00:22 by "builder" with MS VC++ 14.0 (VS2015)

END.
